#
# There is insufficient memory for the Java Runtime Environment to continue.
# Native memory allocation (malloc) failed to allocate 32784 bytes. Error detail: Chunk::new
# Possible reasons:
#   The system is out of physical RAM or swap space
#   This process is running with CompressedOops enabled, and the Java Heap may be blocking the growth of the native heap
# Possible solutions:
#   Reduce memory load on the system
#   Increase physical memory or swap space
#   Check if swap backing store is full
#   Decrease Java heap size (-Xmx/-Xms)
#   Decrease number of Java threads
#   Decrease Java thread stack sizes (-Xss)
#   Set larger code cache with -XX:ReservedCodeCacheSize=
#   JVM is running with Zero Based Compressed Oops mode in which the Java heap is
#     placed in the first 32GB address space. The Java Heap base address is the
#     maximum limit for the native heap growth. Please use -XX:HeapBaseMinAddress
#     to set the Java Heap base and to place the Java Heap above 32GB virtual address.
# This output file may be truncated or incomplete.
#
#  Out of Memory Error (arena.cpp:191), pid=6664, tid=20392
#
# JRE version: OpenJDK Runtime Environment Temurin-17.0.17+10 (17.0.17+10) (build 17.0.17+10)
# Java VM: OpenJDK 64-Bit Server VM Temurin-17.0.17+10 (17.0.17+10, mixed mode, sharing, tiered, compressed oops, compressed class ptrs, g1 gc, windows-amd64)
# No core dump will be written. Minidumps are not enabled by default on client versions of Windows
#

---------------  S U M M A R Y ------------

Command Line: -Dclassworlds.conf=C:\Program Files\JetBrains\IntelliJ IDEA 2025.2\plugins\maven\lib\maven3\bin\m2.conf -Dmaven.home=C:\Program Files\JetBrains\IntelliJ IDEA 2025.2\plugins\maven\lib\maven3 -Dlibrary.jansi.path=C:\Program Files\JetBrains\IntelliJ IDEA 2025.2\plugins\maven\lib\maven3\lib\jansi-native -Dmaven.multiModuleProjectDirectory=C:\Users\Welcome\IdeaProjects\ClassIQ\ClassIQ_codes org.codehaus.plexus.classworlds.launcher.Launcher -Didea.version=2025.2 -Dmaven.ext.class.path=C:\Program Files\JetBrains\IntelliJ IDEA 2025.2\plugins\maven\lib\maven-event-listener.jar -Djansi.passthrough=true -Dstyle.color=always org.openjfx:javafx-maven-plugin:0.0.8:run

Host: Intel(R) Core(TM) i5-8250U CPU @ 1.60GHz, 8 cores, 15G,  Windows 11 , 64 bit Build 26100 (10.0.26100.7705)
Time: Sat Feb 14 19:38:53 2026 FLE Standard Time elapsed time: 8.822933 seconds (0d 0h 0m 8s)

---------------  T H R E A D  ---------------

Current thread (0x000001b9356ec990):  JavaThread "C2 CompilerThread0" daemon [_thread_in_native, id=20392, stack(0x00000043f9700000,0x00000043f9800000)]


Current CompileTask:
C2:8823 3023       4       org.apache.maven.model.interpolation.StringVisitorModelInterpolator$ModelVisitor::interpolate (11 bytes)

Stack: [0x00000043f9700000,0x00000043f9800000]
Native frames: (J=compiled Java code, j=interpreted, Vv=VM code, C=native code)
V  [jvm.dll+0x683fb9]
V  [jvm.dll+0x83a1b5]
V  [jvm.dll+0x83bc2e]
V  [jvm.dll+0x83c2b3]
V  [jvm.dll+0x248eff]
V  [jvm.dll+0xad496]
V  [jvm.dll+0xadb3c]
V  [jvm.dll+0xad5a4]
V  [jvm.dll+0x661b4c]
V  [jvm.dll+0x614411]
V  [jvm.dll+0x219c30]
V  [jvm.dll+0x219200]
V  [jvm.dll+0x1a4920]
V  [jvm.dll+0x22989a]
V  [jvm.dll+0x227a4b]
V  [jvm.dll+0x7effb8]
V  [jvm.dll+0x7ea44c]
V  [jvm.dll+0x682e87]
C  [ucrtbase.dll+0x37b0]
C  [KERNEL32.DLL+0x2e8d7]
C  [ntdll.dll+0x8c40c]


---------------  P R O C E S S  ---------------

Threads class SMR info:
_java_thread_list=0x000001b97bca70b0, length=14, elements={
0x000001b9105495b0, 0x000001b9355b5330, 0x000001b9355b5ef0, 0x000001b9356e60c0,
0x000001b9356e6990, 0x000001b9356e7dd0, 0x000001b9356e9210, 0x000001b9356ec990,
0x000001b9356ef990, 0x000001b9356f82b0, 0x000001b9358611c0, 0x000001b93586b960,
0x000001b97ba2be80, 0x000001b97bca7e70
}

Java Threads: ( => current thread )
  0x000001b9105495b0 JavaThread "main" [_thread_in_native, id=19208, stack(0x00000043f8a00000,0x00000043f8b00000)]
  0x000001b9355b5330 JavaThread "Reference Handler" daemon [_thread_blocked, id=23800, stack(0x00000043f9100000,0x00000043f9200000)]
  0x000001b9355b5ef0 JavaThread "Finalizer" daemon [_thread_blocked, id=13044, stack(0x00000043f9200000,0x00000043f9300000)]
  0x000001b9356e60c0 JavaThread "Signal Dispatcher" daemon [_thread_blocked, id=26452, stack(0x00000043f9300000,0x00000043f9400000)]
  0x000001b9356e6990 JavaThread "Attach Listener" daemon [_thread_blocked, id=16124, stack(0x00000043f9400000,0x00000043f9500000)]
  0x000001b9356e7dd0 JavaThread "Service Thread" daemon [_thread_blocked, id=2316, stack(0x00000043f9500000,0x00000043f9600000)]
  0x000001b9356e9210 JavaThread "Monitor Deflation Thread" daemon [_thread_blocked, id=22568, stack(0x00000043f9600000,0x00000043f9700000)]
=>0x000001b9356ec990 JavaThread "C2 CompilerThread0" daemon [_thread_in_native, id=20392, stack(0x00000043f9700000,0x00000043f9800000)]
  0x000001b9356ef990 JavaThread "C1 CompilerThread0" daemon [_thread_blocked, id=25964, stack(0x00000043f9800000,0x00000043f9900000)]
  0x000001b9356f82b0 JavaThread "Sweeper thread" daemon [_thread_blocked, id=17148, stack(0x00000043f9900000,0x00000043f9a00000)]
  0x000001b9358611c0 JavaThread "Notification Thread" daemon [_thread_blocked, id=26440, stack(0x00000043f9a00000,0x00000043f9b00000)]
  0x000001b93586b960 JavaThread "Common-Cleaner" daemon [_thread_blocked, id=11256, stack(0x00000043f9c00000,0x00000043f9d00000)]
  0x000001b97ba2be80 JavaThread "Thread-1" daemon [_thread_blocked, id=20824, stack(0x00000043fa600000,0x00000043fa700000)]
  0x000001b97bca7e70 JavaThread "C2 CompilerThread1" daemon [_thread_in_native, id=25900, stack(0x00000043f9d00000,0x00000043f9e00000)]

Other Threads:
  0x000001b9355aff40 VMThread "VM Thread" [stack: 0x00000043f9000000,0x00000043f9100000] [id=1960]
  0x000001b9358696b0 WatcherThread [stack: 0x00000043f9b00000,0x00000043f9c00000] [id=19880]
  0x000001b9105b7ff0 GCTaskThread "GC Thread#0" [stack: 0x00000043f8b00000,0x00000043f8c00000] [id=18796]
  0x000001b97b658020 GCTaskThread "GC Thread#1" [stack: 0x00000043f9f00000,0x00000043fa000000] [id=18644]
  0x000001b935988430 GCTaskThread "GC Thread#2" [stack: 0x00000043fa000000,0x00000043fa100000] [id=10272]
  0x000001b97b599190 GCTaskThread "GC Thread#3" [stack: 0x00000043fa100000,0x00000043fa200000] [id=8384]
  0x000001b97b599450 GCTaskThread "GC Thread#4" [stack: 0x00000043fa200000,0x00000043fa300000] [id=23844]
  0x000001b97b7c2d40 GCTaskThread "GC Thread#5" [stack: 0x00000043fa300000,0x00000043fa400000] [id=17308]
  0x000001b97b7cc2c0 GCTaskThread "GC Thread#6" [stack: 0x00000043fa400000,0x00000043fa500000] [id=24684]
  0x000001b97bbe3cf0 GCTaskThread "GC Thread#7" [stack: 0x00000043fa500000,0x00000043fa600000] [id=19224]
  0x000001b9105c9d20 ConcurrentGCThread "G1 Main Marker" [stack: 0x00000043f8c00000,0x00000043f8d00000] [id=4752]
  0x000001b9105cc420 ConcurrentGCThread "G1 Conc#0" [stack: 0x00000043f8d00000,0x00000043f8e00000] [id=26852]
  0x000001b9354675c0 ConcurrentGCThread "G1 Refine#0" [stack: 0x00000043f8e00000,0x00000043f8f00000] [id=22680]
  0x000001b935468cb0 ConcurrentGCThread "G1 Service" [stack: 0x00000043f8f00000,0x00000043f9000000] [id=21784]

Threads with active compile tasks:
C2 CompilerThread0  10881 3023       4       org.apache.maven.model.interpolation.StringVisitorModelInterpolator$ModelVisitor::interpolate (11 bytes)
C2 CompilerThread1  10881 3061   !   4       org.apache.maven.model.interpolation.StringVisitorModelInterpolator$1::interpolate (97 bytes)

VM state: not at safepoint (normal execution)

VM Mutex/Monitor currently owned by a thread: None

Heap address: 0x0000000702200000, size: 4062 MB, Compressed Oops mode: Zero based, Oop shift amount: 3

CDS archive(s) mapped at: [0x000001b936000000-0x000001b936bb0000-0x000001b936bb0000), size 12255232, SharedBaseAddress: 0x000001b936000000, ArchiveRelocationMode: 1.
Compressed class space mapped at: 0x000001b937000000-0x000001b977000000, reserved size: 1073741824
Narrow klass base: 0x000001b936000000, Narrow klass shift: 0, Narrow klass range: 0x100000000

GC Precious Log:
 CPUs: 8 total, 8 available
 Memory: 16242M
 Large Page Support: Disabled
 NUMA Support: Disabled
 Compressed Oops: Enabled (Zero based)
 Heap Region Size: 2M
 Heap Min Capacity: 8M
 Heap Initial Capacity: 254M
 Heap Max Capacity: 4062M
 Pre-touch: Disabled
 Parallel Workers: 8
 Concurrent Workers: 2
 Concurrent Refinement Workers: 8
 Periodic GC: Disabled

Heap:
 garbage-first heap   total 260096K, used 50101K [0x0000000702200000, 0x0000000800000000)
  region size 2048K, 24 young (49152K), 1 survivors (2048K)
 Metaspace       used 15334K, committed 15488K, reserved 1114112K
  class space    used 1859K, committed 1920K, reserved 1048576K

Heap Regions: E=young(eden), S=young(survivor), O=old, HS=humongous(starts), HC=humongous(continues), CS=collection set, F=free, OA=open archive, CA=closed archive, TAMS=top-at-mark-start (previous, next)
|   0|0x0000000702200000, 0x0000000702400000, 0x0000000702400000|100%| O|  |TAMS 0x0000000702200000, 0x0000000702200000| Untracked 
|   1|0x0000000702400000, 0x0000000702558a00, 0x0000000702600000| 67%| O|  |TAMS 0x0000000702400000, 0x0000000702400000| Untracked 
|   2|0x0000000702600000, 0x0000000702600000, 0x0000000702800000|  0%| F|  |TAMS 0x0000000702600000, 0x0000000702600000| Untracked 
|   3|0x0000000702800000, 0x0000000702800000, 0x0000000702a00000|  0%| F|  |TAMS 0x0000000702800000, 0x0000000702800000| Untracked 
|   4|0x0000000702a00000, 0x0000000702a00000, 0x0000000702c00000|  0%| F|  |TAMS 0x0000000702a00000, 0x0000000702a00000| Untracked 
|   5|0x0000000702c00000, 0x0000000702c00000, 0x0000000702e00000|  0%| F|  |TAMS 0x0000000702c00000, 0x0000000702c00000| Untracked 
|   6|0x0000000702e00000, 0x0000000702e00000, 0x0000000703000000|  0%| F|  |TAMS 0x0000000702e00000, 0x0000000702e00000| Untracked 
|   7|0x0000000703000000, 0x0000000703000000, 0x0000000703200000|  0%| F|  |TAMS 0x0000000703000000, 0x0000000703000000| Untracked 
|   8|0x0000000703200000, 0x0000000703200000, 0x0000000703400000|  0%| F|  |TAMS 0x0000000703200000, 0x0000000703200000| Untracked 
|   9|0x0000000703400000, 0x0000000703400000, 0x0000000703600000|  0%| F|  |TAMS 0x0000000703400000, 0x0000000703400000| Untracked 
|  10|0x0000000703600000, 0x0000000703600000, 0x0000000703800000|  0%| F|  |TAMS 0x0000000703600000, 0x0000000703600000| Untracked 
|  11|0x0000000703800000, 0x0000000703800000, 0x0000000703a00000|  0%| F|  |TAMS 0x0000000703800000, 0x0000000703800000| Untracked 
|  12|0x0000000703a00000, 0x0000000703a00000, 0x0000000703c00000|  0%| F|  |TAMS 0x0000000703a00000, 0x0000000703a00000| Untracked 
|  13|0x0000000703c00000, 0x0000000703c00000, 0x0000000703e00000|  0%| F|  |TAMS 0x0000000703c00000, 0x0000000703c00000| Untracked 
|  14|0x0000000703e00000, 0x0000000703e00000, 0x0000000704000000|  0%| F|  |TAMS 0x0000000703e00000, 0x0000000703e00000| Untracked 
|  15|0x0000000704000000, 0x0000000704000000, 0x0000000704200000|  0%| F|  |TAMS 0x0000000704000000, 0x0000000704000000| Untracked 
|  16|0x0000000704200000, 0x0000000704200000, 0x0000000704400000|  0%| F|  |TAMS 0x0000000704200000, 0x0000000704200000| Untracked 
|  17|0x0000000704400000, 0x0000000704400000, 0x0000000704600000|  0%| F|  |TAMS 0x0000000704400000, 0x0000000704400000| Untracked 
|  18|0x0000000704600000, 0x0000000704600000, 0x0000000704800000|  0%| F|  |TAMS 0x0000000704600000, 0x0000000704600000| Untracked 
|  19|0x0000000704800000, 0x0000000704800000, 0x0000000704a00000|  0%| F|  |TAMS 0x0000000704800000, 0x0000000704800000| Untracked 
|  20|0x0000000704a00000, 0x0000000704a00000, 0x0000000704c00000|  0%| F|  |TAMS 0x0000000704a00000, 0x0000000704a00000| Untracked 
|  21|0x0000000704c00000, 0x0000000704c00000, 0x0000000704e00000|  0%| F|  |TAMS 0x0000000704c00000, 0x0000000704c00000| Untracked 
|  22|0x0000000704e00000, 0x0000000704e00000, 0x0000000705000000|  0%| F|  |TAMS 0x0000000704e00000, 0x0000000704e00000| Untracked 
|  23|0x0000000705000000, 0x0000000705000000, 0x0000000705200000|  0%| F|  |TAMS 0x0000000705000000, 0x0000000705000000| Untracked 
|  24|0x0000000705200000, 0x0000000705200000, 0x0000000705400000|  0%| F|  |TAMS 0x0000000705200000, 0x0000000705200000| Untracked 
|  25|0x0000000705400000, 0x0000000705400000, 0x0000000705600000|  0%| F|  |TAMS 0x0000000705400000, 0x0000000705400000| Untracked 
|  26|0x0000000705600000, 0x0000000705600000, 0x0000000705800000|  0%| F|  |TAMS 0x0000000705600000, 0x0000000705600000| Untracked 
|  27|0x0000000705800000, 0x0000000705800000, 0x0000000705a00000|  0%| F|  |TAMS 0x0000000705800000, 0x0000000705800000| Untracked 
|  28|0x0000000705a00000, 0x0000000705a00000, 0x0000000705c00000|  0%| F|  |TAMS 0x0000000705a00000, 0x0000000705a00000| Untracked 
|  29|0x0000000705c00000, 0x0000000705c00000, 0x0000000705e00000|  0%| F|  |TAMS 0x0000000705c00000, 0x0000000705c00000| Untracked 
|  30|0x0000000705e00000, 0x0000000705e00000, 0x0000000706000000|  0%| F|  |TAMS 0x0000000705e00000, 0x0000000705e00000| Untracked 
|  31|0x0000000706000000, 0x0000000706000000, 0x0000000706200000|  0%| F|  |TAMS 0x0000000706000000, 0x0000000706000000| Untracked 
|  32|0x0000000706200000, 0x0000000706200000, 0x0000000706400000|  0%| F|  |TAMS 0x0000000706200000, 0x0000000706200000| Untracked 
|  33|0x0000000706400000, 0x0000000706400000, 0x0000000706600000|  0%| F|  |TAMS 0x0000000706400000, 0x0000000706400000| Untracked 
|  34|0x0000000706600000, 0x0000000706600000, 0x0000000706800000|  0%| F|  |TAMS 0x0000000706600000, 0x0000000706600000| Untracked 
|  35|0x0000000706800000, 0x0000000706800000, 0x0000000706a00000|  0%| F|  |TAMS 0x0000000706800000, 0x0000000706800000| Untracked 
|  36|0x0000000706a00000, 0x0000000706a00000, 0x0000000706c00000|  0%| F|  |TAMS 0x0000000706a00000, 0x0000000706a00000| Untracked 
|  37|0x0000000706c00000, 0x0000000706c00000, 0x0000000706e00000|  0%| F|  |TAMS 0x0000000706c00000, 0x0000000706c00000| Untracked 
|  38|0x0000000706e00000, 0x0000000706e00000, 0x0000000707000000|  0%| F|  |TAMS 0x0000000706e00000, 0x0000000706e00000| Untracked 
|  39|0x0000000707000000, 0x0000000707000000, 0x0000000707200000|  0%| F|  |TAMS 0x0000000707000000, 0x0000000707000000| Untracked 
|  40|0x0000000707200000, 0x0000000707200000, 0x0000000707400000|  0%| F|  |TAMS 0x0000000707200000, 0x0000000707200000| Untracked 
|  41|0x0000000707400000, 0x0000000707400000, 0x0000000707600000|  0%| F|  |TAMS 0x0000000707400000, 0x0000000707400000| Untracked 
|  42|0x0000000707600000, 0x0000000707600000, 0x0000000707800000|  0%| F|  |TAMS 0x0000000707600000, 0x0000000707600000| Untracked 
|  43|0x0000000707800000, 0x0000000707800000, 0x0000000707a00000|  0%| F|  |TAMS 0x0000000707800000, 0x0000000707800000| Untracked 
|  44|0x0000000707a00000, 0x0000000707a00000, 0x0000000707c00000|  0%| F|  |TAMS 0x0000000707a00000, 0x0000000707a00000| Untracked 
|  45|0x0000000707c00000, 0x0000000707c00000, 0x0000000707e00000|  0%| F|  |TAMS 0x0000000707c00000, 0x0000000707c00000| Untracked 
|  46|0x0000000707e00000, 0x0000000707e00000, 0x0000000708000000|  0%| F|  |TAMS 0x0000000707e00000, 0x0000000707e00000| Untracked 
|  47|0x0000000708000000, 0x0000000708000000, 0x0000000708200000|  0%| F|  |TAMS 0x0000000708000000, 0x0000000708000000| Untracked 
|  48|0x0000000708200000, 0x0000000708200000, 0x0000000708400000|  0%| F|  |TAMS 0x0000000708200000, 0x0000000708200000| Untracked 
|  49|0x0000000708400000, 0x0000000708400000, 0x0000000708600000|  0%| F|  |TAMS 0x0000000708400000, 0x0000000708400000| Untracked 
|  50|0x0000000708600000, 0x0000000708600000, 0x0000000708800000|  0%| F|  |TAMS 0x0000000708600000, 0x0000000708600000| Untracked 
|  51|0x0000000708800000, 0x0000000708800000, 0x0000000708a00000|  0%| F|  |TAMS 0x0000000708800000, 0x0000000708800000| Untracked 
|  52|0x0000000708a00000, 0x0000000708a00000, 0x0000000708c00000|  0%| F|  |TAMS 0x0000000708a00000, 0x0000000708a00000| Untracked 
|  53|0x0000000708c00000, 0x0000000708c00000, 0x0000000708e00000|  0%| F|  |TAMS 0x0000000708c00000, 0x0000000708c00000| Untracked 
|  54|0x0000000708e00000, 0x0000000708e00000, 0x0000000709000000|  0%| F|  |TAMS 0x0000000708e00000, 0x0000000708e00000| Untracked 
|  55|0x0000000709000000, 0x0000000709000000, 0x0000000709200000|  0%| F|  |TAMS 0x0000000709000000, 0x0000000709000000| Untracked 
|  56|0x0000000709200000, 0x0000000709200000, 0x0000000709400000|  0%| F|  |TAMS 0x0000000709200000, 0x0000000709200000| Untracked 
|  57|0x0000000709400000, 0x0000000709400000, 0x0000000709600000|  0%| F|  |TAMS 0x0000000709400000, 0x0000000709400000| Untracked 
|  58|0x0000000709600000, 0x0000000709600000, 0x0000000709800000|  0%| F|  |TAMS 0x0000000709600000, 0x0000000709600000| Untracked 
|  59|0x0000000709800000, 0x0000000709800000, 0x0000000709a00000|  0%| F|  |TAMS 0x0000000709800000, 0x0000000709800000| Untracked 
|  60|0x0000000709a00000, 0x0000000709a00000, 0x0000000709c00000|  0%| F|  |TAMS 0x0000000709a00000, 0x0000000709a00000| Untracked 
|  61|0x0000000709c00000, 0x0000000709c00000, 0x0000000709e00000|  0%| F|  |TAMS 0x0000000709c00000, 0x0000000709c00000| Untracked 
|  62|0x0000000709e00000, 0x0000000709e00000, 0x000000070a000000|  0%| F|  |TAMS 0x0000000709e00000, 0x0000000709e00000| Untracked 
|  63|0x000000070a000000, 0x000000070a000000, 0x000000070a200000|  0%| F|  |TAMS 0x000000070a000000, 0x000000070a000000| Untracked 
|  64|0x000000070a200000, 0x000000070a200000, 0x000000070a400000|  0%| F|  |TAMS 0x000000070a200000, 0x000000070a200000| Untracked 
|  65|0x000000070a400000, 0x000000070a400000, 0x000000070a600000|  0%| F|  |TAMS 0x000000070a400000, 0x000000070a400000| Untracked 
|  66|0x000000070a600000, 0x000000070a600000, 0x000000070a800000|  0%| F|  |TAMS 0x000000070a600000, 0x000000070a600000| Untracked 
|  67|0x000000070a800000, 0x000000070a800000, 0x000000070aa00000|  0%| F|  |TAMS 0x000000070a800000, 0x000000070a800000| Untracked 
|  68|0x000000070aa00000, 0x000000070aa00000, 0x000000070ac00000|  0%| F|  |TAMS 0x000000070aa00000, 0x000000070aa00000| Untracked 
|  69|0x000000070ac00000, 0x000000070ac00000, 0x000000070ae00000|  0%| F|  |TAMS 0x000000070ac00000, 0x000000070ac00000| Untracked 
|  70|0x000000070ae00000, 0x000000070ae00000, 0x000000070b000000|  0%| F|  |TAMS 0x000000070ae00000, 0x000000070ae00000| Untracked 
|  71|0x000000070b000000, 0x000000070b000000, 0x000000070b200000|  0%| F|  |TAMS 0x000000070b000000, 0x000000070b000000| Untracked 
|  72|0x000000070b200000, 0x000000070b200000, 0x000000070b400000|  0%| F|  |TAMS 0x000000070b200000, 0x000000070b200000| Untracked 
|  73|0x000000070b400000, 0x000000070b400000, 0x000000070b600000|  0%| F|  |TAMS 0x000000070b400000, 0x000000070b400000| Untracked 
|  74|0x000000070b600000, 0x000000070b600000, 0x000000070b800000|  0%| F|  |TAMS 0x000000070b600000, 0x000000070b600000| Untracked 
|  75|0x000000070b800000, 0x000000070b800000, 0x000000070ba00000|  0%| F|  |TAMS 0x000000070b800000, 0x000000070b800000| Untracked 
|  76|0x000000070ba00000, 0x000000070ba00000, 0x000000070bc00000|  0%| F|  |TAMS 0x000000070ba00000, 0x000000070ba00000| Untracked 
|  77|0x000000070bc00000, 0x000000070bc00000, 0x000000070be00000|  0%| F|  |TAMS 0x000000070bc00000, 0x000000070bc00000| Untracked 
|  78|0x000000070be00000, 0x000000070be00000, 0x000000070c000000|  0%| F|  |TAMS 0x000000070be00000, 0x000000070be00000| Untracked 
|  79|0x000000070c000000, 0x000000070c000000, 0x000000070c200000|  0%| F|  |TAMS 0x000000070c000000, 0x000000070c000000| Untracked 
|  80|0x000000070c200000, 0x000000070c200000, 0x000000070c400000|  0%| F|  |TAMS 0x000000070c200000, 0x000000070c200000| Untracked 
|  81|0x000000070c400000, 0x000000070c400000, 0x000000070c600000|  0%| F|  |TAMS 0x000000070c400000, 0x000000070c400000| Untracked 
|  82|0x000000070c600000, 0x000000070c600000, 0x000000070c800000|  0%| F|  |TAMS 0x000000070c600000, 0x000000070c600000| Untracked 
|  83|0x000000070c800000, 0x000000070c800000, 0x000000070ca00000|  0%| F|  |TAMS 0x000000070c800000, 0x000000070c800000| Untracked 
|  84|0x000000070ca00000, 0x000000070ca00000, 0x000000070cc00000|  0%| F|  |TAMS 0x000000070ca00000, 0x000000070ca00000| Untracked 
|  85|0x000000070cc00000, 0x000000070cc00000, 0x000000070ce00000|  0%| F|  |TAMS 0x000000070cc00000, 0x000000070cc00000| Untracked 
|  86|0x000000070ce00000, 0x000000070ce00000, 0x000000070d000000|  0%| F|  |TAMS 0x000000070ce00000, 0x000000070ce00000| Untracked 
|  87|0x000000070d000000, 0x000000070d000000, 0x000000070d200000|  0%| F|  |TAMS 0x000000070d000000, 0x000000070d000000| Untracked 
|  88|0x000000070d200000, 0x000000070d200000, 0x000000070d400000|  0%| F|  |TAMS 0x000000070d200000, 0x000000070d200000| Untracked 
|  89|0x000000070d400000, 0x000000070d400000, 0x000000070d600000|  0%| F|  |TAMS 0x000000070d400000, 0x000000070d400000| Untracked 
|  90|0x000000070d600000, 0x000000070d600000, 0x000000070d800000|  0%| F|  |TAMS 0x000000070d600000, 0x000000070d600000| Untracked 
|  91|0x000000070d800000, 0x000000070d800000, 0x000000070da00000|  0%| F|  |TAMS 0x000000070d800000, 0x000000070d800000| Untracked 
|  92|0x000000070da00000, 0x000000070da00000, 0x000000070dc00000|  0%| F|  |TAMS 0x000000070da00000, 0x000000070da00000| Untracked 
|  93|0x000000070dc00000, 0x000000070dc00000, 0x000000070de00000|  0%| F|  |TAMS 0x000000070dc00000, 0x000000070dc00000| Untracked 
|  94|0x000000070de00000, 0x000000070de00000, 0x000000070e000000|  0%| F|  |TAMS 0x000000070de00000, 0x000000070de00000| Untracked 
|  95|0x000000070e000000, 0x000000070e000000, 0x000000070e200000|  0%| F|  |TAMS 0x000000070e000000, 0x000000070e000000| Untracked 
|  96|0x000000070e200000, 0x000000070e200000, 0x000000070e400000|  0%| F|  |TAMS 0x000000070e200000, 0x000000070e200000| Untracked 
|  97|0x000000070e400000, 0x000000070e400000, 0x000000070e600000|  0%| F|  |TAMS 0x000000070e400000, 0x000000070e400000| Untracked 
|  98|0x000000070e600000, 0x000000070e600000, 0x000000070e800000|  0%| F|  |TAMS 0x000000070e600000, 0x000000070e600000| Untracked 
|  99|0x000000070e800000, 0x000000070e800000, 0x000000070ea00000|  0%| F|  |TAMS 0x000000070e800000, 0x000000070e800000| Untracked 
| 100|0x000000070ea00000, 0x000000070ea00000, 0x000000070ec00000|  0%| F|  |TAMS 0x000000070ea00000, 0x000000070ea00000| Untracked 
| 101|0x000000070ec00000, 0x000000070ec00000, 0x000000070ee00000|  0%| F|  |TAMS 0x000000070ec00000, 0x000000070ec00000| Untracked 
| 102|0x000000070ee00000, 0x000000070ee00000, 0x000000070f000000|  0%| F|  |TAMS 0x000000070ee00000, 0x000000070ee00000| Untracked 
| 103|0x000000070f000000, 0x000000070f200000, 0x000000070f200000|100%| E|  |TAMS 0x000000070f000000, 0x000000070f000000| Complete 
| 104|0x000000070f200000, 0x000000070f400000, 0x000000070f400000|100%| E|CS|TAMS 0x000000070f200000, 0x000000070f200000| Complete 
| 105|0x000000070f400000, 0x000000070f600000, 0x000000070f600000|100%| E|CS|TAMS 0x000000070f400000, 0x000000070f400000| Complete 
| 106|0x000000070f600000, 0x000000070f800000, 0x000000070f800000|100%| E|CS|TAMS 0x000000070f600000, 0x000000070f600000| Complete 
| 107|0x000000070f800000, 0x000000070fa00000, 0x000000070fa00000|100%| E|CS|TAMS 0x000000070f800000, 0x000000070f800000| Complete 
| 108|0x000000070fa00000, 0x000000070fc00000, 0x000000070fc00000|100%| E|CS|TAMS 0x000000070fa00000, 0x000000070fa00000| Complete 
| 109|0x000000070fc00000, 0x000000070fd94c70, 0x000000070fe00000| 79%| S|CS|TAMS 0x000000070fc00000, 0x000000070fc00000| Complete 
| 110|0x000000070fe00000, 0x0000000710000000, 0x0000000710000000|100%| E|CS|TAMS 0x000000070fe00000, 0x000000070fe00000| Complete 
| 111|0x0000000710000000, 0x0000000710200000, 0x0000000710200000|100%| E|CS|TAMS 0x0000000710000000, 0x0000000710000000| Complete 
| 112|0x0000000710200000, 0x0000000710400000, 0x0000000710400000|100%| E|CS|TAMS 0x0000000710200000, 0x0000000710200000| Complete 
| 113|0x0000000710400000, 0x0000000710600000, 0x0000000710600000|100%| E|CS|TAMS 0x0000000710400000, 0x0000000710400000| Complete 
| 114|0x0000000710600000, 0x0000000710800000, 0x0000000710800000|100%| E|CS|TAMS 0x0000000710600000, 0x0000000710600000| Complete 
| 115|0x0000000710800000, 0x0000000710a00000, 0x0000000710a00000|100%| E|CS|TAMS 0x0000000710800000, 0x0000000710800000| Complete 
| 116|0x0000000710a00000, 0x0000000710c00000, 0x0000000710c00000|100%| E|CS|TAMS 0x0000000710a00000, 0x0000000710a00000| Complete 
| 117|0x0000000710c00000, 0x0000000710e00000, 0x0000000710e00000|100%| E|CS|TAMS 0x0000000710c00000, 0x0000000710c00000| Complete 
| 118|0x0000000710e00000, 0x0000000711000000, 0x0000000711000000|100%| E|CS|TAMS 0x0000000710e00000, 0x0000000710e00000| Complete 
| 119|0x0000000711000000, 0x0000000711200000, 0x0000000711200000|100%| E|CS|TAMS 0x0000000711000000, 0x0000000711000000| Complete 
| 120|0x0000000711200000, 0x0000000711400000, 0x0000000711400000|100%| E|CS|TAMS 0x0000000711200000, 0x0000000711200000| Complete 
| 121|0x0000000711400000, 0x0000000711600000, 0x0000000711600000|100%| E|CS|TAMS 0x0000000711400000, 0x0000000711400000| Complete 
| 122|0x0000000711600000, 0x0000000711800000, 0x0000000711800000|100%| E|CS|TAMS 0x0000000711600000, 0x0000000711600000| Complete 
| 123|0x0000000711800000, 0x0000000711a00000, 0x0000000711a00000|100%| E|CS|TAMS 0x0000000711800000, 0x0000000711800000| Complete 
| 124|0x0000000711a00000, 0x0000000711c00000, 0x0000000711c00000|100%| E|CS|TAMS 0x0000000711a00000, 0x0000000711a00000| Complete 
| 125|0x0000000711c00000, 0x0000000711e00000, 0x0000000711e00000|100%| E|CS|TAMS 0x0000000711c00000, 0x0000000711c00000| Complete 
| 126|0x0000000711e00000, 0x0000000712000000, 0x0000000712000000|100%| E|CS|TAMS 0x0000000711e00000, 0x0000000711e00000| Complete 

Card table byte_map: [0x000001b929bd0000,0x000001b92a3c0000] _byte_map_base: 0x000001b9263bf000

Marking Bits (Prev, Next): (CMBitMap*) 0x000001b9105b9620, (CMBitMap*) 0x000001b9105b9660
 Prev Bits: [0x000001b92abb0000, 0x000001b92eb28000)
 Next Bits: [0x000001b92eb30000, 0x000001b932aa8000)

Polling page: 0x000001b910600000

Metaspace:

Usage:
  Non-class:     13.16 MB used.
      Class:      1.82 MB used.
       Both:     14.98 MB used.

Virtual space:
  Non-class space:       64.00 MB reserved,      13.25 MB ( 21%) committed,  1 nodes.
      Class space:        1.00 GB reserved,       1.88 MB ( <1%) committed,  1 nodes.
             Both:        1.06 GB reserved,      15.12 MB (  1%) committed. 

Chunk freelists:
   Non-Class:  2.08 MB
       Class:  13.94 MB
        Both:  16.02 MB

MaxMetaspaceSize: unlimited
CompressedClassSpaceSize: 1.00 GB
Initial GC threshold: 21.00 MB
Current GC threshold: 21.00 MB
CDS: on
MetaspaceReclaimPolicy: balanced
 - commit_granule_bytes: 65536.
 - commit_granule_words: 8192.
 - virtual_space_node_default_size: 8388608.
 - enlarge_chunks_in_place: 1.
 - new_chunks_are_fully_committed: 0.
 - uncommit_free_chunks: 1.
 - use_allocation_guard: 0.
 - handle_deallocations: 1.


Internal statistics:

num_allocs_failed_limit: 0.
num_arena_births: 92.
num_arena_deaths: 0.
num_vsnodes_births: 2.
num_vsnodes_deaths: 0.
num_space_committed: 242.
num_space_uncommitted: 0.
num_chunks_returned_to_freelist: 0.
num_chunks_taken_from_freelist: 640.
num_chunk_merges: 0.
num_chunk_splits: 433.
num_chunks_enlarged: 340.
num_inconsistent_stats: 0.

CodeHeap 'non-profiled nmethods': size=120000Kb used=1309Kb max_used=1309Kb free=118690Kb
 bounds [0x000001b921520000, 0x000001b921790000, 0x000001b928a50000]
CodeHeap 'profiled nmethods': size=120000Kb used=6214Kb max_used=6214Kb free=113785Kb
 bounds [0x000001b919a50000, 0x000001b91a070000, 0x000001b920f80000]
CodeHeap 'non-nmethods': size=5760Kb used=1177Kb max_used=1234Kb free=4582Kb
 bounds [0x000001b920f80000, 0x000001b9211f0000, 0x000001b921520000]
 total_blobs=3576 nmethods=3109 adapters=379
 compilation: enabled
              stopped_count=0, restarted_count=0
 full_count=0

Compilation events (20 events):
Event: 3.760 Thread 0x000001b9356ef990 3049       3       java.util.stream.Collectors$$Lambda$19/0x000001b937058038::accept (17 bytes)
Event: 3.761 Thread 0x000001b9356ef990 nmethod 3049 0x000001b91a03f110 code [0x000001b91a03f2c0, 0x000001b91a03f528]
Event: 3.761 Thread 0x000001b9356ef990 3051       3       java.lang.invoke.Invokers$Holder::linkToTargetMethod (11 bytes)
Event: 3.761 Thread 0x000001b97bca7e70 3053       4       java.util.regex.Matcher::reset (128 bytes)
Event: 3.761 Thread 0x000001b9356ef990 nmethod 3051 0x000001b91a03f610 code [0x000001b91a03f7c0, 0x000001b91a03faf8]
Event: 3.761 Thread 0x000001b9356ef990 3052       3       java.lang.invoke.DirectMethodHandle$Holder::newInvokeSpecial (28 bytes)
Event: 3.761 Thread 0x000001b9356ef990 nmethod 3052 0x000001b91a03fc10 code [0x000001b91a03fe00, 0x000001b91a040468]
Event: 3.761 Thread 0x000001b9356ef990 3050       3       java.util.stream.Collectors::lambda$uniqKeysMapAccumulator$1 (49 bytes)
Event: 3.761 Thread 0x000001b9356ef990 nmethod 3050 0x000001b91a040610 code [0x000001b91a040800, 0x000001b91a040d48]
Event: 3.761 Thread 0x000001b9356ef990 3054       3       org.apache.maven.model.ModelBase::getDependencies (23 bytes)
Event: 3.761 Thread 0x000001b9356ef990 nmethod 3054 0x000001b91a040f90 code [0x000001b91a041160, 0x000001b91a041558]
Event: 3.762 Thread 0x000001b9356ef990 3056       3       org.apache.maven.model.PluginContainer::getLocation (118 bytes)
Event: 3.762 Thread 0x000001b9356ef990 nmethod 3056 0x000001b91a041690 code [0x000001b91a0418e0, 0x000001b91a042408]
Event: 3.762 Thread 0x000001b9356ef990 3057       3       org.apache.maven.model.PluginContainer::getOtherLocation (25 bytes)
Event: 3.762 Thread 0x000001b9356ef990 nmethod 3057 0x000001b91a042610 code [0x000001b91a0427e0, 0x000001b91a042b28]
Event: 4.779 Thread 0x000001b9356ef990 3058       3       java.lang.String::regionMatches (150 bytes)
Event: 4.779 Thread 0x000001b97bca7e70 nmethod 3053 0x000001b921662990 code [0x000001b921662b20, 0x000001b921662dd8]
Event: 4.779 Thread 0x000001b97bca7e70 3055       4       java.util.concurrent.ConcurrentHashMap$EntryIterator::next (5 bytes)
Event: 4.780 Thread 0x000001b9356ef990 nmethod 3058 0x000001b91a042c10 code [0x000001b91a042e60, 0x000001b91a043648]
Event: 4.780 Thread 0x000001b9356ef990 3062       3       org.apache.maven.model.interpolation.StringVisitorModelInterpolator$ModelVisitor::visit (231 bytes)

GC Heap History (4 events):
Event: 0.973 GC heap before
{Heap before GC invocations=0 (full 0):
 garbage-first heap   total 260096K, used 22528K [0x0000000702200000, 0x0000000800000000)
  region size 2048K, 11 young (22528K), 0 survivors (0K)
 Metaspace       used 5420K, committed 5632K, reserved 1114112K
  class space    used 652K, committed 768K, reserved 1048576K
}
Event: 0.977 GC heap after
{Heap after GC invocations=1 (full 0):
 garbage-first heap   total 260096K, used 3669K [0x0000000702200000, 0x0000000800000000)
  region size 2048K, 2 young (4096K), 2 survivors (4096K)
 Metaspace       used 5420K, committed 5632K, reserved 1114112K
  class space    used 652K, committed 768K, reserved 1048576K
}
Event: 1.521 GC heap before
{Heap before GC invocations=1 (full 0):
 garbage-first heap   total 260096K, used 34389K [0x0000000702200000, 0x0000000800000000)
  region size 2048K, 17 young (34816K), 2 survivors (4096K)
 Metaspace       used 9023K, committed 9152K, reserved 1114112K
  class space    used 1089K, committed 1152K, reserved 1048576K
}
Event: 1.525 GC heap after
{Heap after GC invocations=2 (full 0):
 garbage-first heap   total 260096K, used 5045K [0x0000000702200000, 0x0000000800000000)
  region size 2048K, 1 young (2048K), 1 survivors (2048K)
 Metaspace       used 9023K, committed 9152K, reserved 1114112K
  class space    used 1089K, committed 1152K, reserved 1048576K
}

Dll operation events (8 events):
Event: 0.009 Loaded shared library C:\Program Files\Eclipse Adoptium\jdk-17.0.17.10-hotspot\bin\java.dll
Event: 0.054 Loaded shared library C:\Program Files\Eclipse Adoptium\jdk-17.0.17.10-hotspot\bin\jsvml.dll
Event: 0.081 Loaded shared library C:\Program Files\Eclipse Adoptium\jdk-17.0.17.10-hotspot\bin\net.dll
Event: 0.083 Loaded shared library C:\Program Files\Eclipse Adoptium\jdk-17.0.17.10-hotspot\bin\nio.dll
Event: 0.087 Loaded shared library C:\Program Files\Eclipse Adoptium\jdk-17.0.17.10-hotspot\bin\zip.dll
Event: 0.345 Loaded shared library C:\Program Files\Eclipse Adoptium\jdk-17.0.17.10-hotspot\bin\jimage.dll
Event: 0.347 Loaded shared library C:\Program Files\JetBrains\IntelliJ IDEA 2025.2\plugins\maven\lib\maven3\lib\jansi-native\Windows\x86_64\jansi.dll
Event: 0.367 Loaded shared library C:\Program Files\Eclipse Adoptium\jdk-17.0.17.10-hotspot\bin\verify.dll

Deoptimization events (20 events):
Event: 3.620 Thread 0x000001b9105495b0 Uncommon trap: trap_request=0xffffff45 fr.pc=0x000001b921632990 relative=0x00000000000010d0
Event: 3.620 Thread 0x000001b9105495b0 Uncommon trap: reason=unstable_if action=reinterpret pc=0x000001b921632990 method=org.codehaus.plexus.util.xml.pull.MXParser.nextImpl()I @ 925 c2
Event: 3.620 Thread 0x000001b9105495b0 DEOPT PACKING pc=0x000001b921632990 sp=0x00000043f8afd160
Event: 3.620 Thread 0x000001b9105495b0 DEOPT UNPACKING pc=0x000001b920fd69a3 sp=0x00000043f8afd110 mode 2
Event: 3.635 Thread 0x000001b9105495b0 Uncommon trap: trap_request=0xffffff45 fr.pc=0x000001b921630cc4 relative=0x0000000000000204
Event: 3.635 Thread 0x000001b9105495b0 Uncommon trap: reason=unstable_if action=reinterpret pc=0x000001b921630cc4 method=java.util.HashMap.hash(Ljava/lang/Object;)I @ 1 c2
Event: 3.635 Thread 0x000001b9105495b0 DEOPT PACKING pc=0x000001b921630cc4 sp=0x00000043f8afdd00
Event: 3.635 Thread 0x000001b9105495b0 DEOPT UNPACKING pc=0x000001b920fd69a3 sp=0x00000043f8afdbd0 mode 2
Event: 3.635 Thread 0x000001b9105495b0 Uncommon trap: trap_request=0xffffff45 fr.pc=0x000001b9215d2f08 relative=0x0000000000000268
Event: 3.635 Thread 0x000001b9105495b0 Uncommon trap: reason=unstable_if action=reinterpret pc=0x000001b9215d2f08 method=java.util.HashMap.hash(Ljava/lang/Object;)I @ 1 c2
Event: 3.635 Thread 0x000001b9105495b0 DEOPT PACKING pc=0x000001b9215d2f08 sp=0x00000043f8afdd20
Event: 3.635 Thread 0x000001b9105495b0 DEOPT UNPACKING pc=0x000001b920fd69a3 sp=0x00000043f8afdbb8 mode 2
Event: 3.635 Thread 0x000001b9105495b0 Uncommon trap: trap_request=0xffffff45 fr.pc=0x000001b9215a7b04 relative=0x00000000000000e4
Event: 3.635 Thread 0x000001b9105495b0 Uncommon trap: reason=unstable_if action=reinterpret pc=0x000001b9215a7b04 method=java.util.HashMap.hash(Ljava/lang/Object;)I @ 1 c2
Event: 3.636 Thread 0x000001b9105495b0 DEOPT PACKING pc=0x000001b9215a7b04 sp=0x00000043f8afdd80
Event: 3.636 Thread 0x000001b9105495b0 DEOPT UNPACKING pc=0x000001b920fd69a3 sp=0x00000043f8afdcc0 mode 2
Event: 3.762 Thread 0x000001b9105495b0 Uncommon trap: trap_request=0xffffff45 fr.pc=0x000001b921597aac relative=0x00000000000005cc
Event: 3.762 Thread 0x000001b9105495b0 Uncommon trap: reason=unstable_if action=reinterpret pc=0x000001b921597aac method=java.lang.String.regionMatches(ZILjava/lang/String;II)Z @ 21 c2
Event: 3.762 Thread 0x000001b9105495b0 DEOPT PACKING pc=0x000001b921597aac sp=0x00000043f8afc5e0
Event: 4.763 Thread 0x000001b9105495b0 DEOPT UNPACKING pc=0x000001b920fd69a3 sp=0x00000043f8afc588 mode 2

Classes loaded (20 events):
Event: 2.370 Loading class sun/nio/ch/Interruptible done
Event: 2.370 Loading class java/nio/channels/spi/AbstractInterruptibleChannel$1 done
Event: 2.370 Loading class java/util/AbstractMap$2
Event: 2.370 Loading class java/util/AbstractMap$2 done
Event: 2.370 Loading class java/util/AbstractMap$2$1
Event: 2.370 Loading class java/util/AbstractMap$2$1 done
Event: 2.380 Loading class java/util/stream/Streams$RangeIntSpliterator
Event: 2.380 Loading class java/util/stream/Streams$RangeIntSpliterator done
Event: 2.390 Loading class java/util/stream/MatchOps$MatchKind
Event: 2.390 Loading class java/util/stream/MatchOps$MatchKind done
Event: 2.390 Loading class java/util/stream/MatchOps
Event: 2.390 Loading class java/util/stream/MatchOps done
Event: 2.390 Loading class java/util/stream/MatchOps$MatchOp
Event: 2.390 Loading class java/util/stream/MatchOps$MatchOp done
Event: 2.390 Loading class java/util/stream/MatchOps$BooleanTerminalSink
Event: 2.390 Loading class java/util/stream/MatchOps$BooleanTerminalSink done
Event: 2.390 Loading class java/util/stream/MatchOps$1MatchSink
Event: 2.391 Loading class java/util/stream/MatchOps$1MatchSink done
Event: 2.455 Loading class java/util/Formatter$FixedString
Event: 2.455 Loading class java/util/Formatter$FixedString done

Classes unloaded (0 events):
No events

Classes redefined (0 events):
No events

Internal exceptions (20 events):
Event: 0.812 Thread 0x000001b9105495b0 Exception <a 'java/lang/NoSuchMethodError'{0x000000071110a7e8}: 'java.lang.Object java.lang.invoke.DirectMethodHandle$Holder.invokeInterface(java.lang.Object, java.lang.Object)'> (0x000000071110a7e8) 
thrown [s\src\hotspot\share\interpreter\linkResolver.cpp, line 759]
Event: 0.831 Thread 0x000001b9105495b0 Exception <a 'java/lang/NoSuchMethodError'{0x00000007111b8680}: 'java.lang.Object java.lang.invoke.Invokers$Holder.invokeExact_MT(java.lang.Object, java.lang.Object, java.lang.Object, java.lang.Object, java.lang.Object, java.lang.Object)'> (0x00000007111b8680) 
thrown [s\src\hotspot\share\interpreter\linkResolver.cpp, line 759]
Event: 0.833 Thread 0x000001b9105495b0 Exception <a 'java/lang/NoSuchMethodError'{0x00000007111c9d50}: 'int java.lang.invoke.DirectMethodHandle$Holder.invokeSpecialIFC(java.lang.Object, java.lang.Object, java.lang.Object, java.lang.Object, java.lang.Object)'> (0x00000007111c9d50) 
thrown [s\src\hotspot\share\interpreter\linkResolver.cpp, line 759]
Event: 0.881 Thread 0x000001b9105495b0 Exception <a 'java/lang/NoSuchMethodError'{0x0000000710f788c0}: 'java.lang.Object java.lang.invoke.DirectMethodHandle$Holder.newInvokeSpecial(java.lang.Object, java.lang.Object, java.lang.Object, java.lang.Object, java.lang.Object)'> (0x0000000710f788c0) 
thrown [s\src\hotspot\share\interpreter\linkResolver.cpp, line 759]
Event: 0.910 Thread 0x000001b9105495b0 Exception <a 'java/lang/NoSuchMethodError'{0x0000000710c84a28}: 'int java.lang.invoke.DirectMethodHandle$Holder.invokeStaticInit(java.lang.Object, java.lang.Object)'> (0x0000000710c84a28) 
thrown [s\src\hotspot\share\interpreter\linkResolver.cpp, line 759]
Event: 0.919 Thread 0x000001b9105495b0 Exception <a 'java/lang/NoClassDefFoundError'{0x0000000710cbdaa8}: javax/enterprise/inject/Typed> (0x0000000710cbdaa8) 
thrown [s\src\hotspot\share\classfile\systemDictionary.cpp, line 245]
Event: 1.696 Thread 0x000001b9105495b0 Exception <a 'java/lang/NoSuchMethodError'{0x000000071161dc30}: 'void java.lang.invoke.DirectMethodHandle$Holder.invokeStaticInit(java.lang.Object, java.lang.Object, java.lang.Object)'> (0x000000071161dc30) 
thrown [s\src\hotspot\share\interpreter\linkResolver.cpp, line 759]
Event: 1.702 Thread 0x000001b9105495b0 Exception <a 'java/lang/ExceptionInInitializerError'{0x0000000711649c20}> (0x0000000711649c20) 
thrown [s\src\hotspot\share\oops\instanceKlass.cpp, line 1218]
Event: 1.739 Thread 0x000001b9105495b0 Implicit null exception at 0x000001b921594e2f to 0x000001b921594f94
Event: 1.741 Thread 0x000001b9105495b0 Exception <a 'java/lang/NoSuchMethodError'{0x000000071175e8b0}: 'java.lang.Object java.lang.invoke.Invokers$Holder.invokeExact_MT(java.lang.Object, int, java.lang.Object)'> (0x000000071175e8b0) 
thrown [s\src\hotspot\share\interpreter\linkResolver.cpp, line 759]
Event: 1.757 Thread 0x000001b9105495b0 Exception <a 'java/lang/NoSuchMethodError'{0x00000007117cfb80}: 'int java.lang.invoke.DirectMethodHandle$Holder.invokeSpecial(java.lang.Object, java.lang.Object, java.lang.Object, java.lang.Object)'> (0x00000007117cfb80) 
thrown [s\src\hotspot\share\interpreter\linkResolver.cpp, line 759]
Event: 2.046 Thread 0x000001b9105495b0 Exception <a 'java/lang/NoClassDefFoundError'{0x0000000710c2cb90}: com/google/inject/servlet/ServletModuleTargetVisitor> (0x0000000710c2cb90) 
thrown [s\src\hotspot\share\classfile\systemDictionary.cpp, line 245]
Event: 2.119 Thread 0x000001b9105495b0 Exception <a 'java/lang/NoSuchMethodError'{0x0000000710ab58f0}: 'void java.lang.invoke.DirectMethodHandle$Holder.invokeVirtual(java.lang.Object, java.lang.Object)'> (0x0000000710ab58f0) 
thrown [s\src\hotspot\share\interpreter\linkResolver.cpp, line 759]
Event: 2.137 Thread 0x000001b9105495b0 Exception <a 'java/lang/NoSuchMethodError'{0x0000000710b3d528}: 'java.lang.Object java.lang.invoke.DirectMethodHandle$Holder.invokeStaticInit(java.lang.Object, int, int, int, int)'> (0x0000000710b3d528) 
thrown [s\src\hotspot\share\interpreter\linkResolver.cpp, line 759]
Event: 2.270 Thread 0x000001b9105495b0 Exception <a 'java/lang/NoSuchMethodError'{0x00000007105062b8}: 'void java.lang.invoke.DirectMethodHandle$Holder.invokeSpecial(java.lang.Object, java.lang.Object, java.lang.Object, java.lang.Object, java.lang.Object)'> (0x00000007105062b8) 
thrown [s\src\hotspot\share\interpreter\linkResolver.cpp, line 759]
Event: 2.274 Thread 0x000001b9105495b0 Exception <a 'java/lang/NoSuchMethodError'{0x0000000710523e88}: 'java.lang.Object java.lang.invoke.DirectMethodHandle$Holder.invokeVirtual(java.lang.Object, java.lang.Object, java.lang.Object)'> (0x0000000710523e88) 
thrown [s\src\hotspot\share\interpreter\linkResolver.cpp, line 759]
Event: 2.276 Thread 0x000001b9105495b0 Exception <a 'java/lang/NoSuchMethodError'{0x00000007105330e8}: 'void java.lang.invoke.DirectMethodHandle$Holder.invokeSpecial(java.lang.Object, java.lang.Object, java.lang.Object, java.lang.Object, java.lang.Object, java.lang.Object)'> (0x00000007105330e8) 
thrown [s\src\hotspot\share\interpreter\linkResolver.cpp, line 759]
Event: 3.635 Thread 0x000001b9105495b0 Implicit null exception at 0x000001b921630bb3 to 0x000001b921630cac
Event: 3.635 Thread 0x000001b9105495b0 Implicit null exception at 0x000001b9215d2cef to 0x000001b9215d2ee8
Event: 3.635 Thread 0x000001b9105495b0 Implicit null exception at 0x000001b9215a7a60 to 0x000001b9215a7afa

VM Operations (20 events):
Event: 1.844 Executing VM operation: ICBufferFull done
Event: 1.854 Executing VM operation: HandshakeAllThreads
Event: 1.854 Executing VM operation: HandshakeAllThreads done
Event: 2.023 Executing VM operation: HandshakeAllThreads
Event: 2.023 Executing VM operation: HandshakeAllThreads done
Event: 2.127 Executing VM operation: HandshakeAllThreads
Event: 2.127 Executing VM operation: HandshakeAllThreads done
Event: 2.152 Executing VM operation: HandshakeAllThreads
Event: 2.152 Executing VM operation: HandshakeAllThreads done
Event: 2.236 Executing VM operation: HandshakeAllThreads
Event: 2.236 Executing VM operation: HandshakeAllThreads done
Event: 2.236 Executing VM operation: HandshakeAllThreads
Event: 2.236 Executing VM operation: HandshakeAllThreads done
Event: 2.308 Executing VM operation: ICBufferFull
Event: 2.308 Executing VM operation: ICBufferFull done
Event: 3.313 Executing VM operation: Cleanup
Event: 3.549 Executing VM operation: Cleanup done
Event: 4.560 Executing VM operation: Cleanup
Event: 4.779 Executing VM operation: Cleanup done
Event: 5.793 Executing VM operation: Cleanup

Memory protections (0 events):
No events

Nmethod flushes (0 events):
No events

Events (20 events):
Event: 0.054 Thread 0x000001b9105495b0 Thread added: 0x000001b9105495b0
Event: 0.056 Thread 0x000001b9105495b0 Thread added: 0x000001b9355b5330
Event: 0.056 Thread 0x000001b9105495b0 Thread added: 0x000001b9355b5ef0
Event: 0.064 Thread 0x000001b9105495b0 Thread added: 0x000001b9356e60c0
Event: 0.064 Thread 0x000001b9105495b0 Thread added: 0x000001b9356e6990
Event: 0.064 Thread 0x000001b9105495b0 Thread added: 0x000001b9356e7dd0
Event: 0.064 Thread 0x000001b9105495b0 Thread added: 0x000001b9356e9210
Event: 0.065 Thread 0x000001b9105495b0 Thread added: 0x000001b9356ec990
Event: 0.065 Thread 0x000001b9105495b0 Thread added: 0x000001b9356ef990
Event: 0.065 Thread 0x000001b9105495b0 Thread added: 0x000001b9356f82b0
Event: 0.077 Thread 0x000001b9105495b0 Thread added: 0x000001b9358611c0
Event: 0.079 Thread 0x000001b9105495b0 Thread added: 0x000001b93586b960
Event: 0.341 Thread 0x000001b9105495b0 Thread added: 0x000001b9359879d0
Event: 0.366 Thread 0x000001b9359879d0 Thread exited: 0x000001b9359879d0
Event: 0.934 Thread 0x000001b9356ef990 Thread added: 0x000001b97b593450
Event: 0.949 Thread 0x000001b9356ef990 Thread added: 0x000001b97b598c70
Event: 2.211 Thread 0x000001b9105495b0 Thread added: 0x000001b97ba2be80
Event: 3.550 Thread 0x000001b97b598c70 Thread exited: 0x000001b97b598c70
Event: 3.550 Thread 0x000001b97b593450 Thread exited: 0x000001b97b593450
Event: 3.632 Thread 0x000001b9356ef990 Thread added: 0x000001b97bca7e70


Dynamic libraries:
0x00007ff755c90000 - 0x00007ff755c9e000 	C:\Program Files\Eclipse Adoptium\jdk-17.0.17.10-hotspot\bin\java.exe
0x00007ffd55d80000 - 0x00007ffd55fe8000 	C:\WINDOWS\SYSTEM32\ntdll.dll
0x00007ffd54a00000 - 0x00007ffd54ac9000 	C:\WINDOWS\System32\KERNEL32.DLL
0x00007ffd53170000 - 0x00007ffd53561000 	C:\WINDOWS\System32\KERNELBASE.dll
0x00007ffd536f0000 - 0x00007ffd5383b000 	C:\WINDOWS\System32\ucrtbase.dll
0x00007ffd36b80000 - 0x00007ffd36b98000 	C:\Program Files\Eclipse Adoptium\jdk-17.0.17.10-hotspot\bin\jli.dll
0x00007ffd36b60000 - 0x00007ffd36b7e000 	C:\Program Files\Eclipse Adoptium\jdk-17.0.17.10-hotspot\bin\VCRUNTIME140.dll
0x00007ffd553f0000 - 0x00007ffd555b6000 	C:\WINDOWS\System32\USER32.dll
0x00007ffd53990000 - 0x00007ffd539b7000 	C:\WINDOWS\System32\win32u.dll
0x00007ffd3de90000 - 0x00007ffd3e123000 	C:\WINDOWS\WinSxS\amd64_microsoft.windows.common-controls_6595b64144ccf1df_6.0.26100.7824_none_3e0870b2e3345462\COMCTL32.dll
0x00007ffd54890000 - 0x00007ffd548bb000 	C:\WINDOWS\System32\GDI32.dll
0x00007ffd55740000 - 0x00007ffd557e9000 	C:\WINDOWS\System32\msvcrt.dll
0x00007ffd52ed0000 - 0x00007ffd52ffb000 	C:\WINDOWS\System32\gdi32full.dll
0x00007ffd539c0000 - 0x00007ffd53a63000 	C:\WINDOWS\System32\msvcp_win.dll
0x00007ffd55cd0000 - 0x00007ffd55d01000 	C:\WINDOWS\System32\IMM32.DLL
0x00007ffd31730000 - 0x00007ffd3173c000 	C:\Program Files\Eclipse Adoptium\jdk-17.0.17.10-hotspot\bin\vcruntime140_1.dll
0x00007ffd2f1e0000 - 0x00007ffd2f26d000 	C:\Program Files\Eclipse Adoptium\jdk-17.0.17.10-hotspot\bin\msvcp140.dll
0x00007ffd27e90000 - 0x00007ffd28afb000 	C:\Program Files\Eclipse Adoptium\jdk-17.0.17.10-hotspot\bin\server\jvm.dll
0x00007ffd55860000 - 0x00007ffd55914000 	C:\WINDOWS\System32\ADVAPI32.dll
0x00007ffd53c00000 - 0x00007ffd53ca6000 	C:\WINDOWS\System32\sechost.dll
0x00007ffd548e0000 - 0x00007ffd549f8000 	C:\WINDOWS\System32\RPCRT4.dll
0x00007ffd55a20000 - 0x00007ffd55a94000 	C:\WINDOWS\System32\WS2_32.dll
0x00007ffd524c0000 - 0x00007ffd5251e000 	C:\WINDOWS\SYSTEM32\POWRPROF.dll
0x00007ffd468c0000 - 0x00007ffd468cb000 	C:\WINDOWS\SYSTEM32\VERSION.dll
0x00007ffd3dbb0000 - 0x00007ffd3dbe5000 	C:\WINDOWS\SYSTEM32\WINMM.dll
0x00007ffd524a0000 - 0x00007ffd524b4000 	C:\WINDOWS\SYSTEM32\UMPDC.dll
0x00007ffd513c0000 - 0x00007ffd513db000 	C:\WINDOWS\SYSTEM32\kernel.appcore.dll
0x00007ffd30840000 - 0x00007ffd3084a000 	C:\Program Files\Eclipse Adoptium\jdk-17.0.17.10-hotspot\bin\jimage.dll
0x00007ffd4d580000 - 0x00007ffd4d7c2000 	C:\WINDOWS\SYSTEM32\DBGHELP.DLL
0x00007ffd54bd0000 - 0x00007ffd54f56000 	C:\WINDOWS\System32\combase.dll
0x00007ffd54750000 - 0x00007ffd54827000 	C:\WINDOWS\System32\OLEAUT32.dll
0x00007ffd39ee0000 - 0x00007ffd39f1b000 	C:\WINDOWS\SYSTEM32\dbgcore.DLL
0x00007ffd53a70000 - 0x00007ffd53b15000 	C:\WINDOWS\System32\bcryptPrimitives.dll
0x00007ffd2eda0000 - 0x00007ffd2edc5000 	C:\Program Files\Eclipse Adoptium\jdk-17.0.17.10-hotspot\bin\java.dll
0x00007ffd2ec30000 - 0x00007ffd2ed07000 	C:\Program Files\Eclipse Adoptium\jdk-17.0.17.10-hotspot\bin\jsvml.dll
0x00007ffd53f70000 - 0x00007ffd546c2000 	C:\WINDOWS\System32\SHELL32.dll
0x00007ffd53000000 - 0x00007ffd5316a000 	C:\WINDOWS\System32\wintypes.dll
0x00007ffd52660000 - 0x00007ffd52ec3000 	C:\WINDOWS\System32\windows.storage.dll
0x00007ffd55920000 - 0x00007ffd55a16000 	C:\WINDOWS\System32\SHCORE.dll
0x00007ffd557f0000 - 0x00007ffd55857000 	C:\WINDOWS\System32\shlwapi.dll
0x00007ffd52580000 - 0x00007ffd525a9000 	C:\WINDOWS\SYSTEM32\profapi.dll
0x00007ffd2e770000 - 0x00007ffd2e78a000 	C:\Program Files\Eclipse Adoptium\jdk-17.0.17.10-hotspot\bin\net.dll
0x00007ffd486a0000 - 0x00007ffd487c7000 	C:\WINDOWS\SYSTEM32\WINHTTP.dll
0x00007ffd51910000 - 0x00007ffd5197b000 	C:\WINDOWS\system32\mswsock.dll
0x00007ffd2e750000 - 0x00007ffd2e766000 	C:\Program Files\Eclipse Adoptium\jdk-17.0.17.10-hotspot\bin\nio.dll
0x00007ffd2e730000 - 0x00007ffd2e748000 	C:\Program Files\Eclipse Adoptium\jdk-17.0.17.10-hotspot\bin\zip.dll
0x00007ffd145d0000 - 0x00007ffd145f4000 	C:\Program Files\JetBrains\IntelliJ IDEA 2025.2\plugins\maven\lib\maven3\lib\jansi-native\Windows\x86_64\jansi.dll
0x00007ffd2fad0000 - 0x00007ffd2fae0000 	C:\Program Files\Eclipse Adoptium\jdk-17.0.17.10-hotspot\bin\verify.dll

dbghelp: loaded successfully - version: 4.0.5 - missing functions: none
symbol engine: initialized successfully - sym options: 0x614 - pdb path: .;C:\Program Files\Eclipse Adoptium\jdk-17.0.17.10-hotspot\bin;C:\WINDOWS\SYSTEM32;C:\WINDOWS\WinSxS\amd64_microsoft.windows.common-controls_6595b64144ccf1df_6.0.26100.7824_none_3e0870b2e3345462;C:\Program Files\Eclipse Adoptium\jdk-17.0.17.10-hotspot\bin\server;C:\Program Files\JetBrains\IntelliJ IDEA 2025.2\plugins\maven\lib\maven3\lib\jansi-native\Windows\x86_64

VM Arguments:
jvm_args: -Dclassworlds.conf=C:\Program Files\JetBrains\IntelliJ IDEA 2025.2\plugins\maven\lib\maven3\bin\m2.conf -Dmaven.home=C:\Program Files\JetBrains\IntelliJ IDEA 2025.2\plugins\maven\lib\maven3 -Dlibrary.jansi.path=C:\Program Files\JetBrains\IntelliJ IDEA 2025.2\plugins\maven\lib\maven3\lib\jansi-native -Dmaven.multiModuleProjectDirectory=C:\Users\Welcome\IdeaProjects\ClassIQ\ClassIQ_codes 
java_command: org.codehaus.plexus.classworlds.launcher.Launcher -Didea.version=2025.2 -Dmaven.ext.class.path=C:\Program Files\JetBrains\IntelliJ IDEA 2025.2\plugins\maven\lib\maven-event-listener.jar -Djansi.passthrough=true -Dstyle.color=always org.openjfx:javafx-maven-plugin:0.0.8:run
java_class_path (initial): C:\Program Files\JetBrains\IntelliJ IDEA 2025.2\plugins\maven\lib\maven3\boot\plexus-classworlds-2.8.0.jar
Launcher Type: SUN_STANDARD

[Global flags]
     intx CICompilerCount                          = 4                                         {product} {ergonomic}
     uint ConcGCThreads                            = 2                                         {product} {ergonomic}
     uint G1ConcRefinementThreads                  = 8                                         {product} {ergonomic}
   size_t G1HeapRegionSize                         = 2097152                                   {product} {ergonomic}
    uintx GCDrainStackTargetSize                   = 64                                        {product} {ergonomic}
   size_t InitialHeapSize                          = 266338304                                 {product} {ergonomic}
   size_t MarkStackSize                            = 4194304                                   {product} {ergonomic}
   size_t MaxHeapSize                              = 4259315712                                {product} {ergonomic}
   size_t MaxNewSize                               = 2554331136                                {product} {ergonomic}
   size_t MinHeapDeltaBytes                        = 2097152                                   {product} {ergonomic}
   size_t MinHeapSize                              = 8388608                                   {product} {ergonomic}
    uintx NonNMethodCodeHeapSize                   = 5839372                                {pd product} {ergonomic}
    uintx NonProfiledCodeHeapSize                  = 122909434                              {pd product} {ergonomic}
    uintx ProfiledCodeHeapSize                     = 122909434                              {pd product} {ergonomic}
    uintx ReservedCodeCacheSize                    = 251658240                              {pd product} {ergonomic}
     bool SegmentedCodeCache                       = true                                      {product} {ergonomic}
   size_t SoftMaxHeapSize                          = 4259315712                             {manageable} {ergonomic}
     bool UseCompressedClassPointers               = true                           {product lp64_product} {ergonomic}
     bool UseCompressedOops                        = true                           {product lp64_product} {ergonomic}
     bool UseG1GC                                  = true                                      {product} {ergonomic}
     bool UseLargePagesIndividualAllocation        = false                                  {pd product} {ergonomic}

Logging:
Log output configuration:
 #0: stdout all=warning uptime,level,tags
 #1: stderr all=off uptime,level,tags

Environment Variables:
JAVA_HOME=C:\Program Files\Eclipse Adoptium\jdk-17.0.17.10-hotspot
PATH=C:\Program Files\Eclipse Adoptium\jdk-17.0.17.10-hotspot\bin;C:\Program Files\Eclipse Adoptium\jdk-8.0.462.8-hotspot\bin;C:\Program Files (x86)\Common Files\Oracle\Java\java8path;C:\Program Files (x86)\Common Files\Oracle\Java\javapath;C:\WINDOWS\system32;C:\WINDOWS;C:\WINDOWS\System32\Wbem;C:\WINDOWS\System32\WindowsPowerShell\v1.0\;C:\WINDOWS\System32\OpenSSH\;C:\Program Files\cursor\resources\app\bin;C:\Program Files\nodejs\;C:\Program Files\nodejs\;C:\Program Files\nodejs;C:\Program Files\Git\cmd;C:\Program Files\Docker\Docker\resources\bin;C:\Users\Welcome\AppData\Local\Programs\Python\Python312\Scripts\;C:\Users\Welcome\AppData\Local\Programs\Python\Python312\;C:\Users\Welcome\AppData\Local\Microsoft\WindowsApps;C:\Users\Welcome\AppData\Local\Programs\Microsoft VS Code\bin;C:\Users\Welcome\AppData\Roaming\npm;C:\Java\jdk-17.0.17\bin;
USERNAME=Welcome
OS=Windows_NT
PROCESSOR_IDENTIFIER=Intel64 Family 6 Model 142 Stepping 10, GenuineIntel
TMP=C:\Users\Welcome\AppData\Local\Temp
TEMP=C:\Users\Welcome\AppData\Local\Temp



Periodic native trim disabled


---------------  S Y S T E M  ---------------

OS:
 Windows 11 , 64 bit Build 26100 (10.0.26100.7705)
OS uptime: 2 days 21:01 hours
Hyper-V role detected

CPU: total 8 (initial active 8) (4 cores per cpu, 2 threads per core) family 6 model 142 stepping 10 microcode 0xf6, cx8, cmov, fxsr, ht, mmx, 3dnowpref, sse, sse2, sse3, ssse3, sse4.1, sse4.2, popcnt, lzcnt, tsc, tscinvbit, avx, avx2, aes, erms, clmul, bmi1, bmi2, adx, fma, vzeroupper, clflush, clflushopt, hv
Processor Information for all 8 processors :
  Max Mhz: 1800, Current Mhz: 1600, Mhz Limit: 1584

Memory: 4k page, system-wide physical 16242M (1219M free)
TotalPageFile size 28900M (AvailPageFile size 4M)
current process WorkingSet (physical memory assigned to process): 125M, peak: 131M
current process commit charge ("private bytes"): 375M, peak: 385M

vm_info: OpenJDK 64-Bit Server VM (17.0.17+10) for windows-amd64 JRE (17.0.17+10), built on Oct 21 2025 23:25:32 by "admin" with unknown MS VC++:1942

END.
