#
# There is insufficient memory for the Java Runtime Environment to continue.
# Native memory allocation (malloc) failed to allocate 877136 bytes. Error detail: Chunk::new
# Possible reasons:
#   The system is out of physical RAM or swap space
#   This process is running with CompressedOops enabled, and the Java Heap may be blocking the growth of the native heap
# Possible solutions:
#   Reduce memory load on the system
#   Increase physical memory or swap space
#   Check if swap backing store is full
#   Decrease Java heap size (-Xmx/-Xms)
#   Decrease number of Java threads
#   Decrease Java thread stack sizes (-Xss)
#   Set larger code cache with -XX:ReservedCodeCacheSize=
#   JVM is running with Zero Based Compressed Oops mode in which the Java heap is
#     placed in the first 32GB address space. The Java Heap base address is the
#     maximum limit for the native heap growth. Please use -XX:HeapBaseMinAddress
#     to set the Java Heap base and to place the Java Heap above 32GB virtual address.
# This output file may be truncated or incomplete.
#
#  Out of Memory Error (arena.cpp:191), pid=8224, tid=21324
#
# JRE version: OpenJDK Runtime Environment Temurin-17.0.17+10 (17.0.17+10) (build 17.0.17+10)
# Java VM: OpenJDK 64-Bit Server VM Temurin-17.0.17+10 (17.0.17+10, mixed mode, sharing, tiered, compressed oops, compressed class ptrs, g1 gc, windows-amd64)
# No core dump will be written. Minidumps are not enabled by default on client versions of Windows
#

---------------  S U M M A R Y ------------

Command Line: -Dclassworlds.conf=C:\Program Files\JetBrains\IntelliJ IDEA 2025.2\plugins\maven\lib\maven3\bin\m2.conf -Dmaven.home=C:\Program Files\JetBrains\IntelliJ IDEA 2025.2\plugins\maven\lib\maven3 -Dlibrary.jansi.path=C:\Program Files\JetBrains\IntelliJ IDEA 2025.2\plugins\maven\lib\maven3\lib\jansi-native -Dmaven.multiModuleProjectDirectory=C:\Users\Welcome\IdeaProjects\ClassIQ\ClassIQ_codes org.codehaus.plexus.classworlds.launcher.Launcher -Didea.version=2025.2 -Dmaven.ext.class.path=C:\Program Files\JetBrains\IntelliJ IDEA 2025.2\plugins\maven\lib\maven-event-listener.jar -Djansi.passthrough=true -Dstyle.color=always org.openjfx:javafx-maven-plugin:0.0.8:run

Host: Intel(R) Core(TM) i5-8250U CPU @ 1.60GHz, 8 cores, 15G,  Windows 11 , 64 bit Build 26100 (10.0.26100.7705)
Time: Sat Feb 14 19:37:53 2026 FLE Standard Time elapsed time: 4.601395 seconds (0d 0h 0m 4s)

---------------  T H R E A D  ---------------

Current thread (0x0000028f0528f510):  JavaThread "C2 CompilerThread1" daemon [_thread_in_native, id=21324, stack(0x000000d55b100000,0x000000d55b200000)]


Current CompileTask:
C2:4601 2658       4       org.codehaus.plexus.util.xml.pull.MXParser::parseStartTag (1190 bytes)

Stack: [0x000000d55b100000,0x000000d55b200000]
Native frames: (J=compiled Java code, j=interpreted, Vv=VM code, C=native code)
V  [jvm.dll+0x683fb9]
V  [jvm.dll+0x83a1b5]
V  [jvm.dll+0x83bc2e]
V  [jvm.dll+0x83c2b3]
V  [jvm.dll+0x248eff]
V  [jvm.dll+0xad496]
V  [jvm.dll+0xadb3c]
V  [jvm.dll+0x3689ef]
V  [jvm.dll+0x332fa5]
V  [jvm.dll+0x33240a]
V  [jvm.dll+0x219db9]
V  [jvm.dll+0x219200]
V  [jvm.dll+0x1a4920]
V  [jvm.dll+0x22989a]
V  [jvm.dll+0x227a4b]
V  [jvm.dll+0x7effb8]
V  [jvm.dll+0x7ea44c]
V  [jvm.dll+0x682e87]
C  [ucrtbase.dll+0x37b0]
C  [KERNEL32.DLL+0x2e8d7]
C  [ntdll.dll+0x8c40c]


---------------  P R O C E S S  ---------------

Threads class SMR info:
_java_thread_list=0x0000028f06000c60, length=14, elements={
0x0000028e9abd9170, 0x0000028ebfbb3570, 0x0000028ebfbb4040, 0x0000028ebfbc9510,
0x0000028ebfbc9de0, 0x0000028ebfbca6b0, 0x0000028ebfbcaf80, 0x0000028ebfbcdb90,
0x0000028ebfbce4a0, 0x0000028ebfbd6dc0, 0x0000028ebfd1d580, 0x0000028ebfd22530,
0x0000028f0528f510, 0x0000028f060831f0
}

Java Threads: ( => current thread )
  0x0000028e9abd9170 JavaThread "main" [_thread_in_vm, id=5576, stack(0x000000d559700000,0x000000d559800000)]
  0x0000028ebfbb3570 JavaThread "Reference Handler" daemon [_thread_blocked, id=15876, stack(0x000000d559e00000,0x000000d559f00000)]
  0x0000028ebfbb4040 JavaThread "Finalizer" daemon [_thread_blocked, id=12400, stack(0x000000d559f00000,0x000000d55a000000)]
  0x0000028ebfbc9510 JavaThread "Signal Dispatcher" daemon [_thread_blocked, id=21960, stack(0x000000d55a000000,0x000000d55a100000)]
  0x0000028ebfbc9de0 JavaThread "Attach Listener" daemon [_thread_blocked, id=12792, stack(0x000000d55a100000,0x000000d55a200000)]
  0x0000028ebfbca6b0 JavaThread "Service Thread" daemon [_thread_blocked, id=25916, stack(0x000000d55a200000,0x000000d55a300000)]
  0x0000028ebfbcaf80 JavaThread "Monitor Deflation Thread" daemon [_thread_blocked, id=12992, stack(0x000000d55a300000,0x000000d55a400000)]
  0x0000028ebfbcdb90 JavaThread "C2 CompilerThread0" daemon [_thread_in_native, id=21556, stack(0x000000d55a400000,0x000000d55a500000)]
  0x0000028ebfbce4a0 JavaThread "C1 CompilerThread0" daemon [_thread_in_vm, id=19092, stack(0x000000d55a500000,0x000000d55a600000)]
  0x0000028ebfbd6dc0 JavaThread "Sweeper thread" daemon [_thread_blocked, id=16252, stack(0x000000d55a600000,0x000000d55a700000)]
  0x0000028ebfd1d580 JavaThread "Notification Thread" daemon [_thread_blocked, id=25588, stack(0x000000d55a700000,0x000000d55a800000)]
  0x0000028ebfd22530 JavaThread "Common-Cleaner" daemon [_thread_blocked, id=18312, stack(0x000000d55a900000,0x000000d55aa00000)]
=>0x0000028f0528f510 JavaThread "C2 CompilerThread1" daemon [_thread_in_native, id=21324, stack(0x000000d55b100000,0x000000d55b200000)]
  0x0000028f060831f0 JavaThread "Thread-1" daemon [_thread_blocked, id=26592, stack(0x000000d55b200000,0x000000d55b300000)]

Other Threads:
  0x0000028ebfba5fd0 VMThread "VM Thread" [stack: 0x000000d559d00000,0x000000d559e00000] [id=18448]
  0x0000028ebfd1da60 WatcherThread [stack: 0x000000d55a800000,0x000000d55a900000] [id=24124]
  0x0000028e9ac48ad0 GCTaskThread "GC Thread#0" [stack: 0x000000d559800000,0x000000d559900000] [id=23992]
  0x0000028ebfdd2060 GCTaskThread "GC Thread#1" [stack: 0x000000d55ab00000,0x000000d55ac00000] [id=5084]
  0x0000028f052d2190 GCTaskThread "GC Thread#2" [stack: 0x000000d55ac00000,0x000000d55ad00000] [id=8792]
  0x0000028f05b9c070 GCTaskThread "GC Thread#3" [stack: 0x000000d55ad00000,0x000000d55ae00000] [id=1992]
  0x0000028f0575f3c0 GCTaskThread "GC Thread#4" [stack: 0x000000d55ae00000,0x000000d55af00000] [id=24028]
  0x0000028f05aa10f0 GCTaskThread "GC Thread#5" [stack: 0x000000d55af00000,0x000000d55b000000] [id=23936]
  0x0000028f0581b460 GCTaskThread "GC Thread#6" [stack: 0x000000d55b000000,0x000000d55b100000] [id=25096]
  0x0000028f05dcc470 GCTaskThread "GC Thread#7" [stack: 0x000000d55aa00000,0x000000d55ab00000] [id=13660]
  0x0000028e9ac5a710 ConcurrentGCThread "G1 Main Marker" [stack: 0x000000d559900000,0x000000d559a00000] [id=20348]
  0x0000028e9ac5cd20 ConcurrentGCThread "G1 Conc#0" [stack: 0x000000d559a00000,0x000000d559b00000] [id=26140]
  0x0000028ebfa575c0 ConcurrentGCThread "G1 Refine#0" [stack: 0x000000d559b00000,0x000000d559c00000] [id=24084]
  0x0000028ebfa58db0 ConcurrentGCThread "G1 Service" [stack: 0x000000d559c00000,0x000000d559d00000] [id=8780]

Threads with active compile tasks:
C2 CompilerThread0  4632 2732       4       org.codehaus.plexus.util.xml.pull.MXParser::isWhitespace (114 bytes)
C1 CompilerThread0  4632 2734       3       org.codehaus.plexus.util.xml.Xpp3Dom::<init> (125 bytes)
C2 CompilerThread1  4632 2658       4       org.codehaus.plexus.util.xml.pull.MXParser::parseStartTag (1190 bytes)

VM state: not at safepoint (normal execution)

VM Mutex/Monitor currently owned by a thread: None

Heap address: 0x0000000702200000, size: 4062 MB, Compressed Oops mode: Zero based, Oop shift amount: 3

CDS archive(s) mapped at: [0x0000028ec0000000-0x0000028ec0bb0000-0x0000028ec0bb0000), size 12255232, SharedBaseAddress: 0x0000028ec0000000, ArchiveRelocationMode: 1.
Compressed class space mapped at: 0x0000028ec1000000-0x0000028f01000000, reserved size: 1073741824
Narrow klass base: 0x0000028ec0000000, Narrow klass shift: 0, Narrow klass range: 0x100000000

GC Precious Log:
 CPUs: 8 total, 8 available
 Memory: 16242M
 Large Page Support: Disabled
 NUMA Support: Disabled
 Compressed Oops: Enabled (Zero based)
 Heap Region Size: 2M
 Heap Min Capacity: 8M
 Heap Initial Capacity: 254M
 Heap Max Capacity: 4062M
 Pre-touch: Disabled
 Parallel Workers: 8
 Concurrent Workers: 2
 Concurrent Refinement Workers: 8
 Periodic GC: Disabled

Heap:
 garbage-first heap   total 260096K, used 37763K [0x0000000702200000, 0x0000000800000000)
  region size 2048K, 18 young (36864K), 1 survivors (2048K)
 Metaspace       used 14909K, committed 15040K, reserved 1114112K
  class space    used 1832K, committed 1920K, reserved 1048576K

Heap Regions: E=young(eden), S=young(survivor), O=old, HS=humongous(starts), HC=humongous(continues), CS=collection set, F=free, OA=open archive, CA=closed archive, TAMS=top-at-mark-start (previous, next)
|   0|0x0000000702200000, 0x0000000702400000, 0x0000000702400000|100%| O|  |TAMS 0x0000000702200000, 0x0000000702200000| Untracked 
|   1|0x0000000702400000, 0x0000000702558200, 0x0000000702600000| 67%| O|  |TAMS 0x0000000702400000, 0x0000000702400000| Untracked 
|   2|0x0000000702600000, 0x0000000702600000, 0x0000000702800000|  0%| F|  |TAMS 0x0000000702600000, 0x0000000702600000| Untracked 
|   3|0x0000000702800000, 0x0000000702800000, 0x0000000702a00000|  0%| F|  |TAMS 0x0000000702800000, 0x0000000702800000| Untracked 
|   4|0x0000000702a00000, 0x0000000702a00000, 0x0000000702c00000|  0%| F|  |TAMS 0x0000000702a00000, 0x0000000702a00000| Untracked 
|   5|0x0000000702c00000, 0x0000000702c00000, 0x0000000702e00000|  0%| F|  |TAMS 0x0000000702c00000, 0x0000000702c00000| Untracked 
|   6|0x0000000702e00000, 0x0000000702e00000, 0x0000000703000000|  0%| F|  |TAMS 0x0000000702e00000, 0x0000000702e00000| Untracked 
|   7|0x0000000703000000, 0x0000000703000000, 0x0000000703200000|  0%| F|  |TAMS 0x0000000703000000, 0x0000000703000000| Untracked 
|   8|0x0000000703200000, 0x0000000703200000, 0x0000000703400000|  0%| F|  |TAMS 0x0000000703200000, 0x0000000703200000| Untracked 
|   9|0x0000000703400000, 0x0000000703400000, 0x0000000703600000|  0%| F|  |TAMS 0x0000000703400000, 0x0000000703400000| Untracked 
|  10|0x0000000703600000, 0x0000000703600000, 0x0000000703800000|  0%| F|  |TAMS 0x0000000703600000, 0x0000000703600000| Untracked 
|  11|0x0000000703800000, 0x0000000703800000, 0x0000000703a00000|  0%| F|  |TAMS 0x0000000703800000, 0x0000000703800000| Untracked 
|  12|0x0000000703a00000, 0x0000000703a00000, 0x0000000703c00000|  0%| F|  |TAMS 0x0000000703a00000, 0x0000000703a00000| Untracked 
|  13|0x0000000703c00000, 0x0000000703c00000, 0x0000000703e00000|  0%| F|  |TAMS 0x0000000703c00000, 0x0000000703c00000| Untracked 
|  14|0x0000000703e00000, 0x0000000703e00000, 0x0000000704000000|  0%| F|  |TAMS 0x0000000703e00000, 0x0000000703e00000| Untracked 
|  15|0x0000000704000000, 0x0000000704000000, 0x0000000704200000|  0%| F|  |TAMS 0x0000000704000000, 0x0000000704000000| Untracked 
|  16|0x0000000704200000, 0x0000000704200000, 0x0000000704400000|  0%| F|  |TAMS 0x0000000704200000, 0x0000000704200000| Untracked 
|  17|0x0000000704400000, 0x0000000704400000, 0x0000000704600000|  0%| F|  |TAMS 0x0000000704400000, 0x0000000704400000| Untracked 
|  18|0x0000000704600000, 0x0000000704600000, 0x0000000704800000|  0%| F|  |TAMS 0x0000000704600000, 0x0000000704600000| Untracked 
|  19|0x0000000704800000, 0x0000000704800000, 0x0000000704a00000|  0%| F|  |TAMS 0x0000000704800000, 0x0000000704800000| Untracked 
|  20|0x0000000704a00000, 0x0000000704a00000, 0x0000000704c00000|  0%| F|  |TAMS 0x0000000704a00000, 0x0000000704a00000| Untracked 
|  21|0x0000000704c00000, 0x0000000704c00000, 0x0000000704e00000|  0%| F|  |TAMS 0x0000000704c00000, 0x0000000704c00000| Untracked 
|  22|0x0000000704e00000, 0x0000000704e00000, 0x0000000705000000|  0%| F|  |TAMS 0x0000000704e00000, 0x0000000704e00000| Untracked 
|  23|0x0000000705000000, 0x0000000705000000, 0x0000000705200000|  0%| F|  |TAMS 0x0000000705000000, 0x0000000705000000| Untracked 
|  24|0x0000000705200000, 0x0000000705200000, 0x0000000705400000|  0%| F|  |TAMS 0x0000000705200000, 0x0000000705200000| Untracked 
|  25|0x0000000705400000, 0x0000000705400000, 0x0000000705600000|  0%| F|  |TAMS 0x0000000705400000, 0x0000000705400000| Untracked 
|  26|0x0000000705600000, 0x0000000705600000, 0x0000000705800000|  0%| F|  |TAMS 0x0000000705600000, 0x0000000705600000| Untracked 
|  27|0x0000000705800000, 0x0000000705800000, 0x0000000705a00000|  0%| F|  |TAMS 0x0000000705800000, 0x0000000705800000| Untracked 
|  28|0x0000000705a00000, 0x0000000705a00000, 0x0000000705c00000|  0%| F|  |TAMS 0x0000000705a00000, 0x0000000705a00000| Untracked 
|  29|0x0000000705c00000, 0x0000000705c00000, 0x0000000705e00000|  0%| F|  |TAMS 0x0000000705c00000, 0x0000000705c00000| Untracked 
|  30|0x0000000705e00000, 0x0000000705e00000, 0x0000000706000000|  0%| F|  |TAMS 0x0000000705e00000, 0x0000000705e00000| Untracked 
|  31|0x0000000706000000, 0x0000000706000000, 0x0000000706200000|  0%| F|  |TAMS 0x0000000706000000, 0x0000000706000000| Untracked 
|  32|0x0000000706200000, 0x0000000706200000, 0x0000000706400000|  0%| F|  |TAMS 0x0000000706200000, 0x0000000706200000| Untracked 
|  33|0x0000000706400000, 0x0000000706400000, 0x0000000706600000|  0%| F|  |TAMS 0x0000000706400000, 0x0000000706400000| Untracked 
|  34|0x0000000706600000, 0x0000000706600000, 0x0000000706800000|  0%| F|  |TAMS 0x0000000706600000, 0x0000000706600000| Untracked 
|  35|0x0000000706800000, 0x0000000706800000, 0x0000000706a00000|  0%| F|  |TAMS 0x0000000706800000, 0x0000000706800000| Untracked 
|  36|0x0000000706a00000, 0x0000000706a00000, 0x0000000706c00000|  0%| F|  |TAMS 0x0000000706a00000, 0x0000000706a00000| Untracked 
|  37|0x0000000706c00000, 0x0000000706c00000, 0x0000000706e00000|  0%| F|  |TAMS 0x0000000706c00000, 0x0000000706c00000| Untracked 
|  38|0x0000000706e00000, 0x0000000706e00000, 0x0000000707000000|  0%| F|  |TAMS 0x0000000706e00000, 0x0000000706e00000| Untracked 
|  39|0x0000000707000000, 0x0000000707000000, 0x0000000707200000|  0%| F|  |TAMS 0x0000000707000000, 0x0000000707000000| Untracked 
|  40|0x0000000707200000, 0x0000000707200000, 0x0000000707400000|  0%| F|  |TAMS 0x0000000707200000, 0x0000000707200000| Untracked 
|  41|0x0000000707400000, 0x0000000707400000, 0x0000000707600000|  0%| F|  |TAMS 0x0000000707400000, 0x0000000707400000| Untracked 
|  42|0x0000000707600000, 0x0000000707600000, 0x0000000707800000|  0%| F|  |TAMS 0x0000000707600000, 0x0000000707600000| Untracked 
|  43|0x0000000707800000, 0x0000000707800000, 0x0000000707a00000|  0%| F|  |TAMS 0x0000000707800000, 0x0000000707800000| Untracked 
|  44|0x0000000707a00000, 0x0000000707a00000, 0x0000000707c00000|  0%| F|  |TAMS 0x0000000707a00000, 0x0000000707a00000| Untracked 
|  45|0x0000000707c00000, 0x0000000707c00000, 0x0000000707e00000|  0%| F|  |TAMS 0x0000000707c00000, 0x0000000707c00000| Untracked 
|  46|0x0000000707e00000, 0x0000000707e00000, 0x0000000708000000|  0%| F|  |TAMS 0x0000000707e00000, 0x0000000707e00000| Untracked 
|  47|0x0000000708000000, 0x0000000708000000, 0x0000000708200000|  0%| F|  |TAMS 0x0000000708000000, 0x0000000708000000| Untracked 
|  48|0x0000000708200000, 0x0000000708200000, 0x0000000708400000|  0%| F|  |TAMS 0x0000000708200000, 0x0000000708200000| Untracked 
|  49|0x0000000708400000, 0x0000000708400000, 0x0000000708600000|  0%| F|  |TAMS 0x0000000708400000, 0x0000000708400000| Untracked 
|  50|0x0000000708600000, 0x0000000708600000, 0x0000000708800000|  0%| F|  |TAMS 0x0000000708600000, 0x0000000708600000| Untracked 
|  51|0x0000000708800000, 0x0000000708800000, 0x0000000708a00000|  0%| F|  |TAMS 0x0000000708800000, 0x0000000708800000| Untracked 
|  52|0x0000000708a00000, 0x0000000708a00000, 0x0000000708c00000|  0%| F|  |TAMS 0x0000000708a00000, 0x0000000708a00000| Untracked 
|  53|0x0000000708c00000, 0x0000000708c00000, 0x0000000708e00000|  0%| F|  |TAMS 0x0000000708c00000, 0x0000000708c00000| Untracked 
|  54|0x0000000708e00000, 0x0000000708e00000, 0x0000000709000000|  0%| F|  |TAMS 0x0000000708e00000, 0x0000000708e00000| Untracked 
|  55|0x0000000709000000, 0x0000000709000000, 0x0000000709200000|  0%| F|  |TAMS 0x0000000709000000, 0x0000000709000000| Untracked 
|  56|0x0000000709200000, 0x0000000709200000, 0x0000000709400000|  0%| F|  |TAMS 0x0000000709200000, 0x0000000709200000| Untracked 
|  57|0x0000000709400000, 0x0000000709400000, 0x0000000709600000|  0%| F|  |TAMS 0x0000000709400000, 0x0000000709400000| Untracked 
|  58|0x0000000709600000, 0x0000000709600000, 0x0000000709800000|  0%| F|  |TAMS 0x0000000709600000, 0x0000000709600000| Untracked 
|  59|0x0000000709800000, 0x0000000709800000, 0x0000000709a00000|  0%| F|  |TAMS 0x0000000709800000, 0x0000000709800000| Untracked 
|  60|0x0000000709a00000, 0x0000000709a00000, 0x0000000709c00000|  0%| F|  |TAMS 0x0000000709a00000, 0x0000000709a00000| Untracked 
|  61|0x0000000709c00000, 0x0000000709c00000, 0x0000000709e00000|  0%| F|  |TAMS 0x0000000709c00000, 0x0000000709c00000| Untracked 
|  62|0x0000000709e00000, 0x0000000709e00000, 0x000000070a000000|  0%| F|  |TAMS 0x0000000709e00000, 0x0000000709e00000| Untracked 
|  63|0x000000070a000000, 0x000000070a000000, 0x000000070a200000|  0%| F|  |TAMS 0x000000070a000000, 0x000000070a000000| Untracked 
|  64|0x000000070a200000, 0x000000070a200000, 0x000000070a400000|  0%| F|  |TAMS 0x000000070a200000, 0x000000070a200000| Untracked 
|  65|0x000000070a400000, 0x000000070a400000, 0x000000070a600000|  0%| F|  |TAMS 0x000000070a400000, 0x000000070a400000| Untracked 
|  66|0x000000070a600000, 0x000000070a600000, 0x000000070a800000|  0%| F|  |TAMS 0x000000070a600000, 0x000000070a600000| Untracked 
|  67|0x000000070a800000, 0x000000070a800000, 0x000000070aa00000|  0%| F|  |TAMS 0x000000070a800000, 0x000000070a800000| Untracked 
|  68|0x000000070aa00000, 0x000000070aa00000, 0x000000070ac00000|  0%| F|  |TAMS 0x000000070aa00000, 0x000000070aa00000| Untracked 
|  69|0x000000070ac00000, 0x000000070ac00000, 0x000000070ae00000|  0%| F|  |TAMS 0x000000070ac00000, 0x000000070ac00000| Untracked 
|  70|0x000000070ae00000, 0x000000070ae00000, 0x000000070b000000|  0%| F|  |TAMS 0x000000070ae00000, 0x000000070ae00000| Untracked 
|  71|0x000000070b000000, 0x000000070b000000, 0x000000070b200000|  0%| F|  |TAMS 0x000000070b000000, 0x000000070b000000| Untracked 
|  72|0x000000070b200000, 0x000000070b200000, 0x000000070b400000|  0%| F|  |TAMS 0x000000070b200000, 0x000000070b200000| Untracked 
|  73|0x000000070b400000, 0x000000070b400000, 0x000000070b600000|  0%| F|  |TAMS 0x000000070b400000, 0x000000070b400000| Untracked 
|  74|0x000000070b600000, 0x000000070b600000, 0x000000070b800000|  0%| F|  |TAMS 0x000000070b600000, 0x000000070b600000| Untracked 
|  75|0x000000070b800000, 0x000000070b800000, 0x000000070ba00000|  0%| F|  |TAMS 0x000000070b800000, 0x000000070b800000| Untracked 
|  76|0x000000070ba00000, 0x000000070ba00000, 0x000000070bc00000|  0%| F|  |TAMS 0x000000070ba00000, 0x000000070ba00000| Untracked 
|  77|0x000000070bc00000, 0x000000070bc00000, 0x000000070be00000|  0%| F|  |TAMS 0x000000070bc00000, 0x000000070bc00000| Untracked 
|  78|0x000000070be00000, 0x000000070be00000, 0x000000070c000000|  0%| F|  |TAMS 0x000000070be00000, 0x000000070be00000| Untracked 
|  79|0x000000070c000000, 0x000000070c000000, 0x000000070c200000|  0%| F|  |TAMS 0x000000070c000000, 0x000000070c000000| Untracked 
|  80|0x000000070c200000, 0x000000070c200000, 0x000000070c400000|  0%| F|  |TAMS 0x000000070c200000, 0x000000070c200000| Untracked 
|  81|0x000000070c400000, 0x000000070c400000, 0x000000070c600000|  0%| F|  |TAMS 0x000000070c400000, 0x000000070c400000| Untracked 
|  82|0x000000070c600000, 0x000000070c600000, 0x000000070c800000|  0%| F|  |TAMS 0x000000070c600000, 0x000000070c600000| Untracked 
|  83|0x000000070c800000, 0x000000070c800000, 0x000000070ca00000|  0%| F|  |TAMS 0x000000070c800000, 0x000000070c800000| Untracked 
|  84|0x000000070ca00000, 0x000000070ca00000, 0x000000070cc00000|  0%| F|  |TAMS 0x000000070ca00000, 0x000000070ca00000| Untracked 
|  85|0x000000070cc00000, 0x000000070cc00000, 0x000000070ce00000|  0%| F|  |TAMS 0x000000070cc00000, 0x000000070cc00000| Untracked 
|  86|0x000000070ce00000, 0x000000070ce00000, 0x000000070d000000|  0%| F|  |TAMS 0x000000070ce00000, 0x000000070ce00000| Untracked 
|  87|0x000000070d000000, 0x000000070d000000, 0x000000070d200000|  0%| F|  |TAMS 0x000000070d000000, 0x000000070d000000| Untracked 
|  88|0x000000070d200000, 0x000000070d200000, 0x000000070d400000|  0%| F|  |TAMS 0x000000070d200000, 0x000000070d200000| Untracked 
|  89|0x000000070d400000, 0x000000070d400000, 0x000000070d600000|  0%| F|  |TAMS 0x000000070d400000, 0x000000070d400000| Untracked 
|  90|0x000000070d600000, 0x000000070d600000, 0x000000070d800000|  0%| F|  |TAMS 0x000000070d600000, 0x000000070d600000| Untracked 
|  91|0x000000070d800000, 0x000000070d800000, 0x000000070da00000|  0%| F|  |TAMS 0x000000070d800000, 0x000000070d800000| Untracked 
|  92|0x000000070da00000, 0x000000070da00000, 0x000000070dc00000|  0%| F|  |TAMS 0x000000070da00000, 0x000000070da00000| Untracked 
|  93|0x000000070dc00000, 0x000000070dc00000, 0x000000070de00000|  0%| F|  |TAMS 0x000000070dc00000, 0x000000070dc00000| Untracked 
|  94|0x000000070de00000, 0x000000070de00000, 0x000000070e000000|  0%| F|  |TAMS 0x000000070de00000, 0x000000070de00000| Untracked 
|  95|0x000000070e000000, 0x000000070e000000, 0x000000070e200000|  0%| F|  |TAMS 0x000000070e000000, 0x000000070e000000| Untracked 
|  96|0x000000070e200000, 0x000000070e200000, 0x000000070e400000|  0%| F|  |TAMS 0x000000070e200000, 0x000000070e200000| Untracked 
|  97|0x000000070e400000, 0x000000070e400000, 0x000000070e600000|  0%| F|  |TAMS 0x000000070e400000, 0x000000070e400000| Untracked 
|  98|0x000000070e600000, 0x000000070e600000, 0x000000070e800000|  0%| F|  |TAMS 0x000000070e600000, 0x000000070e600000| Untracked 
|  99|0x000000070e800000, 0x000000070e800000, 0x000000070ea00000|  0%| F|  |TAMS 0x000000070e800000, 0x000000070e800000| Untracked 
| 100|0x000000070ea00000, 0x000000070ea00000, 0x000000070ec00000|  0%| F|  |TAMS 0x000000070ea00000, 0x000000070ea00000| Untracked 
| 101|0x000000070ec00000, 0x000000070ec00000, 0x000000070ee00000|  0%| F|  |TAMS 0x000000070ec00000, 0x000000070ec00000| Untracked 
| 102|0x000000070ee00000, 0x000000070ee00000, 0x000000070f000000|  0%| F|  |TAMS 0x000000070ee00000, 0x000000070ee00000| Untracked 
| 103|0x000000070f000000, 0x000000070f000000, 0x000000070f200000|  0%| F|  |TAMS 0x000000070f000000, 0x000000070f000000| Untracked 
| 104|0x000000070f200000, 0x000000070f200000, 0x000000070f400000|  0%| F|  |TAMS 0x000000070f200000, 0x000000070f200000| Untracked 
| 105|0x000000070f400000, 0x000000070f400000, 0x000000070f600000|  0%| F|  |TAMS 0x000000070f400000, 0x000000070f400000| Untracked 
| 106|0x000000070f600000, 0x000000070f600000, 0x000000070f800000|  0%| F|  |TAMS 0x000000070f600000, 0x000000070f600000| Untracked 
| 107|0x000000070f800000, 0x000000070f800000, 0x000000070fa00000|  0%| F|  |TAMS 0x000000070f800000, 0x000000070f800000| Untracked 
| 108|0x000000070fa00000, 0x000000070fa00000, 0x000000070fc00000|  0%| F|  |TAMS 0x000000070fa00000, 0x000000070fa00000| Untracked 
| 109|0x000000070fc00000, 0x000000070fd88c80, 0x000000070fe00000| 76%| S|CS|TAMS 0x000000070fc00000, 0x000000070fc00000| Complete 
| 110|0x000000070fe00000, 0x000000070ff00000, 0x0000000710000000| 50%| E|  |TAMS 0x000000070fe00000, 0x000000070fe00000| Complete 
| 111|0x0000000710000000, 0x0000000710200000, 0x0000000710200000|100%| E|CS|TAMS 0x0000000710000000, 0x0000000710000000| Complete 
| 112|0x0000000710200000, 0x0000000710400000, 0x0000000710400000|100%| E|CS|TAMS 0x0000000710200000, 0x0000000710200000| Complete 
| 113|0x0000000710400000, 0x0000000710600000, 0x0000000710600000|100%| E|CS|TAMS 0x0000000710400000, 0x0000000710400000| Complete 
| 114|0x0000000710600000, 0x0000000710800000, 0x0000000710800000|100%| E|CS|TAMS 0x0000000710600000, 0x0000000710600000| Complete 
| 115|0x0000000710800000, 0x0000000710a00000, 0x0000000710a00000|100%| E|CS|TAMS 0x0000000710800000, 0x0000000710800000| Complete 
| 116|0x0000000710a00000, 0x0000000710c00000, 0x0000000710c00000|100%| E|CS|TAMS 0x0000000710a00000, 0x0000000710a00000| Complete 
| 117|0x0000000710c00000, 0x0000000710e00000, 0x0000000710e00000|100%| E|CS|TAMS 0x0000000710c00000, 0x0000000710c00000| Complete 
| 118|0x0000000710e00000, 0x0000000711000000, 0x0000000711000000|100%| E|CS|TAMS 0x0000000710e00000, 0x0000000710e00000| Complete 
| 119|0x0000000711000000, 0x0000000711200000, 0x0000000711200000|100%| E|CS|TAMS 0x0000000711000000, 0x0000000711000000| Complete 
| 120|0x0000000711200000, 0x0000000711400000, 0x0000000711400000|100%| E|CS|TAMS 0x0000000711200000, 0x0000000711200000| Complete 
| 121|0x0000000711400000, 0x0000000711600000, 0x0000000711600000|100%| E|CS|TAMS 0x0000000711400000, 0x0000000711400000| Complete 
| 122|0x0000000711600000, 0x0000000711800000, 0x0000000711800000|100%| E|CS|TAMS 0x0000000711600000, 0x0000000711600000| Complete 
| 123|0x0000000711800000, 0x0000000711a00000, 0x0000000711a00000|100%| E|CS|TAMS 0x0000000711800000, 0x0000000711800000| Complete 
| 124|0x0000000711a00000, 0x0000000711c00000, 0x0000000711c00000|100%| E|CS|TAMS 0x0000000711a00000, 0x0000000711a00000| Complete 
| 125|0x0000000711c00000, 0x0000000711e00000, 0x0000000711e00000|100%| E|CS|TAMS 0x0000000711c00000, 0x0000000711c00000| Complete 
| 126|0x0000000711e00000, 0x0000000712000000, 0x0000000712000000|100%| E|CS|TAMS 0x0000000711e00000, 0x0000000711e00000| Complete 

Card table byte_map: [0x0000028eb41c0000,0x0000028eb49b0000] _byte_map_base: 0x0000028eb09af000

Marking Bits (Prev, Next): (CMBitMap*) 0x0000028e9ac4a010, (CMBitMap*) 0x0000028e9ac4a050
 Prev Bits: [0x0000028eb51a0000, 0x0000028eb9118000)
 Next Bits: [0x0000028eb9120000, 0x0000028ebd098000)

Polling page: 0x0000028e9ac90000

Metaspace:

Usage:
  Non-class:     12.78 MB used.
      Class:      1.79 MB used.
       Both:     14.57 MB used.

Virtual space:
  Non-class space:       64.00 MB reserved,      12.81 MB ( 20%) committed,  1 nodes.
      Class space:        1.00 GB reserved,       1.88 MB ( <1%) committed,  1 nodes.
             Both:        1.06 GB reserved,      14.69 MB (  1%) committed. 

Chunk freelists:
   Non-Class:  2.38 MB
       Class:  13.97 MB
        Both:  16.34 MB

MaxMetaspaceSize: unlimited
CompressedClassSpaceSize: 1.00 GB
Initial GC threshold: 21.00 MB
Current GC threshold: 21.00 MB
CDS: on
MetaspaceReclaimPolicy: balanced
 - commit_granule_bytes: 65536.
 - commit_granule_words: 8192.
 - virtual_space_node_default_size: 8388608.
 - enlarge_chunks_in_place: 1.
 - new_chunks_are_fully_committed: 0.
 - uncommit_free_chunks: 1.
 - use_allocation_guard: 0.
 - handle_deallocations: 1.


Internal statistics:

num_allocs_failed_limit: 0.
num_arena_births: 84.
num_arena_deaths: 0.
num_vsnodes_births: 2.
num_vsnodes_deaths: 0.
num_space_committed: 235.
num_space_uncommitted: 0.
num_chunks_returned_to_freelist: 0.
num_chunks_taken_from_freelist: 611.
num_chunk_merges: 0.
num_chunk_splits: 414.
num_chunks_enlarged: 334.
num_inconsistent_stats: 0.

CodeHeap 'non-profiled nmethods': size=120000Kb used=1159Kb max_used=1159Kb free=118840Kb
 bounds [0x0000028eaba40000, 0x0000028eabcb0000, 0x0000028eb2f70000]
CodeHeap 'profiled nmethods': size=120000Kb used=5476Kb max_used=5476Kb free=114523Kb
 bounds [0x0000028ea3f70000, 0x0000028ea44d0000, 0x0000028eab4a0000]
CodeHeap 'non-nmethods': size=5760Kb used=1175Kb max_used=1237Kb free=4585Kb
 bounds [0x0000028eab4a0000, 0x0000028eab710000, 0x0000028eaba40000]
 total_blobs=3218 nmethods=2754 adapters=376
 compilation: enabled
              stopped_count=0, restarted_count=0
 full_count=0

Compilation events (20 events):
Event: 2.552 Thread 0x0000028ebfbce4a0 2714       3       com.google.inject.internal.asm.$FieldWriter::visitEnd (1 bytes)
Event: 2.552 Thread 0x0000028ebfbce4a0 nmethod 2714 0x0000028ea44b2490 code [0x0000028ea44b2620, 0x0000028ea44b2738]
Event: 2.552 Thread 0x0000028ebfbce4a0 2715       3       java.lang.ClassValue$Entry::isPromise (14 bytes)
Event: 2.552 Thread 0x0000028ebfbce4a0 nmethod 2715 0x0000028ea44b2810 code [0x0000028ea44b29a0, 0x0000028ea44b2b18]
Event: 2.554 Thread 0x0000028ebfbce4a0 2717       1       org.apache.maven.model.Plugin::getVersion (5 bytes)
Event: 2.555 Thread 0x0000028ebfbce4a0 nmethod 2717 0x0000028eabb5bb10 code [0x0000028eabb5bca0, 0x0000028eabb5bd78]
Event: 2.558 Thread 0x0000028ebfbce4a0 2718       3       java.lang.invoke.MethodHandle::asTypeUncached (59 bytes)
Event: 2.560 Thread 0x0000028ebfbce4a0 nmethod 2718 0x0000028ea44b2b90 code [0x0000028ea44b2e60, 0x0000028ea44b39d8]
Event: 2.560 Thread 0x0000028ebfbce4a0 2720       3       java.lang.Module::implIsExportedOrOpen (92 bytes)
Event: 2.560 Thread 0x0000028ebfbce4a0 nmethod 2720 0x0000028ea44b3e90 code [0x0000028ea44b40c0, 0x0000028ea44b47b8]
Event: 2.560 Thread 0x0000028ebfbce4a0 2721       3       java.lang.reflect.AccessibleObject::checkCanSetAccessible (9 bytes)
Event: 2.561 Thread 0x0000028ebfbce4a0 nmethod 2721 0x0000028ea44b4990 code [0x0000028ea44b4b40, 0x0000028ea44b4c88]
Event: 2.561 Thread 0x0000028ebfbce4a0 2722       3       java.lang.reflect.AccessibleObject::checkCanSetAccessible (368 bytes)
Event: 2.565 Thread 0x0000028ebfbce4a0 nmethod 2722 0x0000028ea44b4d10 code [0x0000028ea44b5460, 0x0000028ea44b8d08]
Event: 2.565 Thread 0x0000028ebfbce4a0 2724       3       java.util.LinkedHashMap$LinkedKeyIterator::next (8 bytes)
Event: 2.565 Thread 0x0000028ebfbce4a0 nmethod 2724 0x0000028ea44ba010 code [0x0000028ea44ba1c0, 0x0000028ea44ba328]
Event: 2.565 Thread 0x0000028ebfbce4a0 2723       3       java.lang.reflect.AccessibleObject::setAccessible0 (7 bytes)
Event: 2.565 Thread 0x0000028ebfbce4a0 nmethod 2723 0x0000028ea44ba410 code [0x0000028ea44ba5a0, 0x0000028ea44ba6b8]
Event: 2.565 Thread 0x0000028ebfbce4a0 2719       3       java.lang.invoke.MethodType::isConvertibleTo (164 bytes)
Event: 2.566 Thread 0x0000028ebfbce4a0 nmethod 2719 0x0000028ea44ba790 code [0x0000028ea44ba9e0, 0x0000028ea44bb348]

GC Heap History (4 events):
Event: 0.745 GC heap before
{Heap before GC invocations=0 (full 0):
 garbage-first heap   total 260096K, used 22528K [0x0000000702200000, 0x0000000800000000)
  region size 2048K, 11 young (22528K), 0 survivors (0K)
 Metaspace       used 5427K, committed 5632K, reserved 1114112K
  class space    used 651K, committed 768K, reserved 1048576K
}
Event: 0.750 GC heap after
{Heap after GC invocations=1 (full 0):
 garbage-first heap   total 260096K, used 3650K [0x0000000702200000, 0x0000000800000000)
  region size 2048K, 2 young (4096K), 2 survivors (4096K)
 Metaspace       used 5427K, committed 5632K, reserved 1114112K
  class space    used 651K, committed 768K, reserved 1048576K
}
Event: 1.381 GC heap before
{Heap before GC invocations=1 (full 0):
 garbage-first heap   total 260096K, used 34370K [0x0000000702200000, 0x0000000800000000)
  region size 2048K, 17 young (34816K), 2 survivors (4096K)
 Metaspace       used 9025K, committed 9152K, reserved 1114112K
  class space    used 1089K, committed 1152K, reserved 1048576K
}
Event: 1.386 GC heap after
{Heap after GC invocations=2 (full 0):
 garbage-first heap   total 260096K, used 4995K [0x0000000702200000, 0x0000000800000000)
  region size 2048K, 1 young (2048K), 1 survivors (2048K)
 Metaspace       used 9025K, committed 9152K, reserved 1114112K
  class space    used 1089K, committed 1152K, reserved 1048576K
}

Dll operation events (8 events):
Event: 0.008 Loaded shared library C:\Program Files\Eclipse Adoptium\jdk-17.0.17.10-hotspot\bin\java.dll
Event: 0.027 Loaded shared library C:\Program Files\Eclipse Adoptium\jdk-17.0.17.10-hotspot\bin\jsvml.dll
Event: 0.060 Loaded shared library C:\Program Files\Eclipse Adoptium\jdk-17.0.17.10-hotspot\bin\net.dll
Event: 0.061 Loaded shared library C:\Program Files\Eclipse Adoptium\jdk-17.0.17.10-hotspot\bin\nio.dll
Event: 0.063 Loaded shared library C:\Program Files\Eclipse Adoptium\jdk-17.0.17.10-hotspot\bin\zip.dll
Event: 0.179 Loaded shared library C:\Program Files\JetBrains\IntelliJ IDEA 2025.2\plugins\maven\lib\maven3\lib\jansi-native\Windows\x86_64\jansi.dll
Event: 0.180 Loaded shared library C:\Program Files\Eclipse Adoptium\jdk-17.0.17.10-hotspot\bin\jimage.dll
Event: 0.209 Loaded shared library C:\Program Files\Eclipse Adoptium\jdk-17.0.17.10-hotspot\bin\verify.dll

Deoptimization events (20 events):
Event: 2.426 Thread 0x0000028e9abd9170 Uncommon trap: trap_request=0xffffff45 fr.pc=0x0000028eaba74184 relative=0x0000000000000244
Event: 2.426 Thread 0x0000028e9abd9170 Uncommon trap: reason=unstable_if action=reinterpret pc=0x0000028eaba74184 method=java.util.StringTokenizer.scanToken(I)I @ 42 c2
Event: 2.426 Thread 0x0000028e9abd9170 DEOPT PACKING pc=0x0000028eaba74184 sp=0x000000d5597fd9c0
Event: 2.426 Thread 0x0000028e9abd9170 DEOPT UNPACKING pc=0x0000028eab4f69a3 sp=0x000000d5597fd960 mode 2
Event: 2.486 Thread 0x0000028e9abd9170 Uncommon trap: trap_request=0xffffff45 fr.pc=0x0000028eabac6b58 relative=0x0000000000000438
Event: 2.486 Thread 0x0000028e9abd9170 Uncommon trap: reason=unstable_if action=reinterpret pc=0x0000028eabac6b58 method=java.lang.String.<init>([CIILjava/lang/Void;)V @ 5 c2
Event: 2.486 Thread 0x0000028e9abd9170 DEOPT PACKING pc=0x0000028eabac6b58 sp=0x000000d5597fd150
Event: 2.486 Thread 0x0000028e9abd9170 DEOPT UNPACKING pc=0x0000028eab4f69a3 sp=0x000000d5597fd098 mode 2
Event: 2.486 Thread 0x0000028e9abd9170 Uncommon trap: trap_request=0xffffff45 fr.pc=0x0000028eabac05d4 relative=0x0000000000000334
Event: 2.486 Thread 0x0000028e9abd9170 Uncommon trap: reason=unstable_if action=reinterpret pc=0x0000028eabac05d4 method=java.lang.String.<init>([CIILjava/lang/Void;)V @ 5 c2
Event: 2.486 Thread 0x0000028e9abd9170 DEOPT PACKING pc=0x0000028eabac05d4 sp=0x000000d5597fd0a0
Event: 2.486 Thread 0x0000028e9abd9170 DEOPT UNPACKING pc=0x0000028eab4f69a3 sp=0x000000d5597fd088 mode 2
Event: 2.495 Thread 0x0000028e9abd9170 Uncommon trap: trap_request=0xffffff45 fr.pc=0x0000028eabab8c18 relative=0x00000000000004b8
Event: 2.495 Thread 0x0000028e9abd9170 Uncommon trap: reason=unstable_if action=reinterpret pc=0x0000028eabab8c18 method=java.lang.String.decodeASCII([BI[CII)I @ 7 c2
Event: 2.495 Thread 0x0000028e9abd9170 DEOPT PACKING pc=0x0000028eabab8c18 sp=0x000000d5597fced0
Event: 2.495 Thread 0x0000028e9abd9170 DEOPT UNPACKING pc=0x0000028eab4f69a3 sp=0x000000d5597fccf8 mode 2
Event: 2.501 Thread 0x0000028e9abd9170 Uncommon trap: trap_request=0xffffff45 fr.pc=0x0000028eabb4b95c relative=0x000000000000033c
Event: 2.501 Thread 0x0000028e9abd9170 Uncommon trap: reason=unstable_if action=reinterpret pc=0x0000028eabb4b95c method=java.lang.String.indexOf([BBILjava/lang/String;I)I @ 54 c2
Event: 2.501 Thread 0x0000028e9abd9170 DEOPT PACKING pc=0x0000028eabb4b95c sp=0x000000d5597fce90
Event: 2.501 Thread 0x0000028e9abd9170 DEOPT UNPACKING pc=0x0000028eab4f69a3 sp=0x000000d5597fcda0 mode 2

Classes loaded (20 events):
Event: 2.486 Loading class java/nio/channels/spi/AbstractInterruptibleChannel$1
Event: 2.486 Loading class sun/nio/ch/Interruptible
Event: 2.486 Loading class sun/nio/ch/Interruptible done
Event: 2.486 Loading class java/nio/channels/spi/AbstractInterruptibleChannel$1 done
Event: 2.486 Loading class java/util/AbstractMap$2
Event: 2.486 Loading class java/util/AbstractMap$2 done
Event: 2.486 Loading class java/util/AbstractMap$2$1
Event: 2.487 Loading class java/util/AbstractMap$2$1 done
Event: 2.502 Loading class java/util/stream/Streams$RangeIntSpliterator
Event: 2.502 Loading class java/util/stream/Streams$RangeIntSpliterator done
Event: 2.519 Loading class java/util/stream/MatchOps$MatchKind
Event: 2.519 Loading class java/util/stream/MatchOps$MatchKind done
Event: 2.520 Loading class java/util/stream/MatchOps
Event: 2.520 Loading class java/util/stream/MatchOps done
Event: 2.520 Loading class java/util/stream/MatchOps$MatchOp
Event: 2.520 Loading class java/util/stream/MatchOps$MatchOp done
Event: 2.520 Loading class java/util/stream/MatchOps$BooleanTerminalSink
Event: 2.521 Loading class java/util/stream/MatchOps$BooleanTerminalSink done
Event: 2.521 Loading class java/util/stream/MatchOps$1MatchSink
Event: 2.521 Loading class java/util/stream/MatchOps$1MatchSink done

Classes unloaded (0 events):
No events

Classes redefined (0 events):
No events

Internal exceptions (20 events):
Event: 0.269 Thread 0x0000028e9abd9170 Exception <a 'java/lang/NullPointerException'{0x00000007118c04d8}> (0x00000007118c04d8) 
thrown [s\src\hotspot\share\interpreter\linkResolver.cpp, line 1350]
Event: 0.315 Thread 0x0000028e9abd9170 Exception <a 'java/lang/NoSuchMethodError'{0x00000007119b0eb0}: 'java.lang.Object java.lang.invoke.DirectMethodHandle$Holder.invokeSpecialIFC(java.lang.Object, java.lang.Object, java.lang.Object, java.lang.Object)'> (0x00000007119b0eb0) 
thrown [s\src\hotspot\share\interpreter\linkResolver.cpp, line 759]
Event: 0.507 Thread 0x0000028e9abd9170 Exception <a 'java/lang/NoSuchMethodError'{0x00000007113ac0c8}: 'void java.lang.invoke.DirectMethodHandle$Holder.invokeSpecial(java.lang.Object, java.lang.Object, java.lang.Object)'> (0x00000007113ac0c8) 
thrown [s\src\hotspot\share\interpreter\linkResolver.cpp, line 759]
Event: 0.548 Thread 0x0000028e9abd9170 Exception <a 'java/lang/NoSuchMethodError'{0x0000000711116f68}: 'java.lang.Object java.lang.invoke.DirectMethodHandle$Holder.invokeInterface(java.lang.Object, java.lang.Object)'> (0x0000000711116f68) 
thrown [s\src\hotspot\share\interpreter\linkResolver.cpp, line 759]
Event: 0.570 Thread 0x0000028e9abd9170 Exception <a 'java/lang/NoSuchMethodError'{0x00000007111c63f0}: 'java.lang.Object java.lang.invoke.Invokers$Holder.invokeExact_MT(java.lang.Object, java.lang.Object, java.lang.Object, java.lang.Object, java.lang.Object, java.lang.Object)'> (0x00000007111c63f0) 
thrown [s\src\hotspot\share\interpreter\linkResolver.cpp, line 759]
Event: 0.572 Thread 0x0000028e9abd9170 Exception <a 'java/lang/NoSuchMethodError'{0x00000007111d7870}: 'int java.lang.invoke.DirectMethodHandle$Holder.invokeSpecialIFC(java.lang.Object, java.lang.Object, java.lang.Object, java.lang.Object, java.lang.Object)'> (0x00000007111d7870) 
thrown [s\src\hotspot\share\interpreter\linkResolver.cpp, line 759]
Event: 0.632 Thread 0x0000028e9abd9170 Exception <a 'java/lang/NoSuchMethodError'{0x0000000710f860b0}: 'java.lang.Object java.lang.invoke.DirectMethodHandle$Holder.newInvokeSpecial(java.lang.Object, java.lang.Object, java.lang.Object, java.lang.Object, java.lang.Object)'> (0x0000000710f860b0) 
thrown [s\src\hotspot\share\interpreter\linkResolver.cpp, line 759]
Event: 0.679 Thread 0x0000028e9abd9170 Exception <a 'java/lang/NoSuchMethodError'{0x0000000710c90f78}: 'int java.lang.invoke.DirectMethodHandle$Holder.invokeStaticInit(java.lang.Object, java.lang.Object)'> (0x0000000710c90f78) 
thrown [s\src\hotspot\share\interpreter\linkResolver.cpp, line 759]
Event: 0.692 Thread 0x0000028e9abd9170 Exception <a 'java/lang/NoClassDefFoundError'{0x0000000710cc9ff8}: javax/enterprise/inject/Typed> (0x0000000710cc9ff8) 
thrown [s\src\hotspot\share\classfile\systemDictionary.cpp, line 245]
Event: 1.600 Thread 0x0000028e9abd9170 Exception <a 'java/lang/NoSuchMethodError'{0x000000071162c158}: 'void java.lang.invoke.DirectMethodHandle$Holder.invokeStaticInit(java.lang.Object, java.lang.Object, java.lang.Object)'> (0x000000071162c158) 
thrown [s\src\hotspot\share\interpreter\linkResolver.cpp, line 759]
Event: 1.610 Thread 0x0000028e9abd9170 Exception <a 'java/lang/ExceptionInInitializerError'{0x0000000711658148}> (0x0000000711658148) 
thrown [s\src\hotspot\share\oops\instanceKlass.cpp, line 1218]
Event: 1.658 Thread 0x0000028e9abd9170 Implicit null exception at 0x0000028eabad552f to 0x0000028eabad5694
Event: 1.660 Thread 0x0000028e9abd9170 Exception <a 'java/lang/NoSuchMethodError'{0x000000071176bfe8}: 'java.lang.Object java.lang.invoke.Invokers$Holder.invokeExact_MT(java.lang.Object, int, java.lang.Object)'> (0x000000071176bfe8) 
thrown [s\src\hotspot\share\interpreter\linkResolver.cpp, line 759]
Event: 1.676 Thread 0x0000028e9abd9170 Exception <a 'java/lang/NoSuchMethodError'{0x00000007117dd320}: 'int java.lang.invoke.DirectMethodHandle$Holder.invokeSpecial(java.lang.Object, java.lang.Object, java.lang.Object, java.lang.Object)'> (0x00000007117dd320) 
thrown [s\src\hotspot\share\interpreter\linkResolver.cpp, line 759]
Event: 2.036 Thread 0x0000028e9abd9170 Exception <a 'java/lang/NoClassDefFoundError'{0x0000000710c3d7e8}: com/google/inject/servlet/ServletModuleTargetVisitor> (0x0000000710c3d7e8) 
thrown [s\src\hotspot\share\classfile\systemDictionary.cpp, line 245]
Event: 2.115 Thread 0x0000028e9abd9170 Exception <a 'java/lang/NoSuchMethodError'{0x0000000710ac6a38}: 'void java.lang.invoke.DirectMethodHandle$Holder.invokeVirtual(java.lang.Object, java.lang.Object)'> (0x0000000710ac6a38) 
thrown [s\src\hotspot\share\interpreter\linkResolver.cpp, line 759]
Event: 2.143 Thread 0x0000028e9abd9170 Exception <a 'java/lang/NoSuchMethodError'{0x0000000710b4e568}: 'java.lang.Object java.lang.invoke.DirectMethodHandle$Holder.invokeStaticInit(java.lang.Object, int, int, int, int)'> (0x0000000710b4e568) 
thrown [s\src\hotspot\share\interpreter\linkResolver.cpp, line 759]
Event: 2.339 Thread 0x0000028e9abd9170 Exception <a 'java/lang/NoSuchMethodError'{0x0000000710515f88}: 'void java.lang.invoke.DirectMethodHandle$Holder.invokeSpecial(java.lang.Object, java.lang.Object, java.lang.Object, java.lang.Object, java.lang.Object)'> (0x0000000710515f88) 
thrown [s\src\hotspot\share\interpreter\linkResolver.cpp, line 759]
Event: 2.344 Thread 0x0000028e9abd9170 Exception <a 'java/lang/NoSuchMethodError'{0x0000000710533b58}: 'java.lang.Object java.lang.invoke.DirectMethodHandle$Holder.invokeVirtual(java.lang.Object, java.lang.Object, java.lang.Object)'> (0x0000000710533b58) 
thrown [s\src\hotspot\share\interpreter\linkResolver.cpp, line 759]
Event: 2.347 Thread 0x0000028e9abd9170 Exception <a 'java/lang/NoSuchMethodError'{0x0000000710542db8}: 'void java.lang.invoke.DirectMethodHandle$Holder.invokeSpecial(java.lang.Object, java.lang.Object, java.lang.Object, java.lang.Object, java.lang.Object, java.lang.Object)'> (0x0000000710542db8) 
thrown [s\src\hotspot\share\interpreter\linkResolver.cpp, line 759]

VM Operations (20 events):
Event: 1.721 Executing VM operation: HandshakeAllThreads done
Event: 1.726 Executing VM operation: HandshakeAllThreads
Event: 1.726 Executing VM operation: HandshakeAllThreads done
Event: 1.766 Executing VM operation: ICBufferFull
Event: 1.766 Executing VM operation: ICBufferFull done
Event: 1.803 Executing VM operation: HandshakeAllThreads
Event: 1.803 Executing VM operation: HandshakeAllThreads done
Event: 2.009 Executing VM operation: HandshakeAllThreads
Event: 2.009 Executing VM operation: HandshakeAllThreads done
Event: 2.126 Executing VM operation: HandshakeAllThreads
Event: 2.126 Executing VM operation: HandshakeAllThreads done
Event: 2.162 Executing VM operation: HandshakeAllThreads
Event: 2.162 Executing VM operation: HandshakeAllThreads done
Event: 2.190 Executing VM operation: ICBufferFull
Event: 2.190 Executing VM operation: ICBufferFull done
Event: 2.275 Executing VM operation: HandshakeAllThreads
Event: 2.276 Executing VM operation: HandshakeAllThreads done
Event: 2.276 Executing VM operation: HandshakeAllThreads
Event: 2.276 Executing VM operation: HandshakeAllThreads done
Event: 3.283 Executing VM operation: Cleanup

Memory protections (0 events):
No events

Nmethod flushes (0 events):
No events

Events (18 events):
Event: 0.027 Thread 0x0000028e9abd9170 Thread added: 0x0000028e9abd9170
Event: 0.030 Thread 0x0000028e9abd9170 Thread added: 0x0000028ebfbb3570
Event: 0.030 Thread 0x0000028e9abd9170 Thread added: 0x0000028ebfbb4040
Event: 0.039 Thread 0x0000028e9abd9170 Thread added: 0x0000028ebfbc9510
Event: 0.039 Thread 0x0000028e9abd9170 Thread added: 0x0000028ebfbc9de0
Event: 0.039 Thread 0x0000028e9abd9170 Thread added: 0x0000028ebfbca6b0
Event: 0.039 Thread 0x0000028e9abd9170 Thread added: 0x0000028ebfbcaf80
Event: 0.039 Thread 0x0000028e9abd9170 Thread added: 0x0000028ebfbcdb90
Event: 0.039 Thread 0x0000028e9abd9170 Thread added: 0x0000028ebfbce4a0
Event: 0.039 Thread 0x0000028e9abd9170 Thread added: 0x0000028ebfbd6dc0
Event: 0.055 Thread 0x0000028e9abd9170 Thread added: 0x0000028ebfd1d580
Event: 0.057 Thread 0x0000028e9abd9170 Thread added: 0x0000028ebfd22530
Event: 0.107 Thread 0x0000028ebfbce4a0 Thread added: 0x0000028ebfe39c10
Event: 0.177 Thread 0x0000028e9abd9170 Thread added: 0x0000028ebff55530
Event: 0.202 Thread 0x0000028ebff55530 Thread exited: 0x0000028ebff55530
Event: 1.354 Thread 0x0000028ebfe39c10 Thread exited: 0x0000028ebfe39c10
Event: 1.667 Thread 0x0000028ebfbce4a0 Thread added: 0x0000028f0528f510
Event: 2.233 Thread 0x0000028e9abd9170 Thread added: 0x0000028f060831f0


Dynamic libraries:
0x00007ff755c90000 - 0x00007ff755c9e000 	C:\Program Files\Eclipse Adoptium\jdk-17.0.17.10-hotspot\bin\java.exe
0x00007ffd55d80000 - 0x00007ffd55fe8000 	C:\WINDOWS\SYSTEM32\ntdll.dll
0x00007ffd54a00000 - 0x00007ffd54ac9000 	C:\WINDOWS\System32\KERNEL32.DLL
0x00007ffd53170000 - 0x00007ffd53561000 	C:\WINDOWS\System32\KERNELBASE.dll
0x00007ffd536f0000 - 0x00007ffd5383b000 	C:\WINDOWS\System32\ucrtbase.dll
0x00007ffd36b80000 - 0x00007ffd36b98000 	C:\Program Files\Eclipse Adoptium\jdk-17.0.17.10-hotspot\bin\jli.dll
0x00007ffd36b60000 - 0x00007ffd36b7e000 	C:\Program Files\Eclipse Adoptium\jdk-17.0.17.10-hotspot\bin\VCRUNTIME140.dll
0x00007ffd553f0000 - 0x00007ffd555b6000 	C:\WINDOWS\System32\USER32.dll
0x00007ffd53990000 - 0x00007ffd539b7000 	C:\WINDOWS\System32\win32u.dll
0x00007ffd3de90000 - 0x00007ffd3e123000 	C:\WINDOWS\WinSxS\amd64_microsoft.windows.common-controls_6595b64144ccf1df_6.0.26100.7824_none_3e0870b2e3345462\COMCTL32.dll
0x00007ffd55740000 - 0x00007ffd557e9000 	C:\WINDOWS\System32\msvcrt.dll
0x00007ffd54890000 - 0x00007ffd548bb000 	C:\WINDOWS\System32\GDI32.dll
0x00007ffd52ed0000 - 0x00007ffd52ffb000 	C:\WINDOWS\System32\gdi32full.dll
0x00007ffd539c0000 - 0x00007ffd53a63000 	C:\WINDOWS\System32\msvcp_win.dll
0x00007ffd55cd0000 - 0x00007ffd55d01000 	C:\WINDOWS\System32\IMM32.DLL
0x00007ffd31730000 - 0x00007ffd3173c000 	C:\Program Files\Eclipse Adoptium\jdk-17.0.17.10-hotspot\bin\vcruntime140_1.dll
0x00007ffd2f1e0000 - 0x00007ffd2f26d000 	C:\Program Files\Eclipse Adoptium\jdk-17.0.17.10-hotspot\bin\msvcp140.dll
0x00007ffd27e90000 - 0x00007ffd28afb000 	C:\Program Files\Eclipse Adoptium\jdk-17.0.17.10-hotspot\bin\server\jvm.dll
0x00007ffd55860000 - 0x00007ffd55914000 	C:\WINDOWS\System32\ADVAPI32.dll
0x00007ffd53c00000 - 0x00007ffd53ca6000 	C:\WINDOWS\System32\sechost.dll
0x00007ffd548e0000 - 0x00007ffd549f8000 	C:\WINDOWS\System32\RPCRT4.dll
0x00007ffd55a20000 - 0x00007ffd55a94000 	C:\WINDOWS\System32\WS2_32.dll
0x00007ffd524c0000 - 0x00007ffd5251e000 	C:\WINDOWS\SYSTEM32\POWRPROF.dll
0x00007ffd468c0000 - 0x00007ffd468cb000 	C:\WINDOWS\SYSTEM32\VERSION.dll
0x00007ffd3dbb0000 - 0x00007ffd3dbe5000 	C:\WINDOWS\SYSTEM32\WINMM.dll
0x00007ffd524a0000 - 0x00007ffd524b4000 	C:\WINDOWS\SYSTEM32\UMPDC.dll
0x00007ffd513c0000 - 0x00007ffd513db000 	C:\WINDOWS\SYSTEM32\kernel.appcore.dll
0x00007ffd30840000 - 0x00007ffd3084a000 	C:\Program Files\Eclipse Adoptium\jdk-17.0.17.10-hotspot\bin\jimage.dll
0x00007ffd4d580000 - 0x00007ffd4d7c2000 	C:\WINDOWS\SYSTEM32\DBGHELP.DLL
0x00007ffd54bd0000 - 0x00007ffd54f56000 	C:\WINDOWS\System32\combase.dll
0x00007ffd54750000 - 0x00007ffd54827000 	C:\WINDOWS\System32\OLEAUT32.dll
0x00007ffd39ee0000 - 0x00007ffd39f1b000 	C:\WINDOWS\SYSTEM32\dbgcore.DLL
0x00007ffd53a70000 - 0x00007ffd53b15000 	C:\WINDOWS\System32\bcryptPrimitives.dll
0x00007ffd2eda0000 - 0x00007ffd2edc5000 	C:\Program Files\Eclipse Adoptium\jdk-17.0.17.10-hotspot\bin\java.dll
0x00007ffd2ec30000 - 0x00007ffd2ed07000 	C:\Program Files\Eclipse Adoptium\jdk-17.0.17.10-hotspot\bin\jsvml.dll
0x00007ffd53f70000 - 0x00007ffd546c2000 	C:\WINDOWS\System32\SHELL32.dll
0x00007ffd53000000 - 0x00007ffd5316a000 	C:\WINDOWS\System32\wintypes.dll
0x00007ffd52660000 - 0x00007ffd52ec3000 	C:\WINDOWS\System32\windows.storage.dll
0x00007ffd55920000 - 0x00007ffd55a16000 	C:\WINDOWS\System32\SHCORE.dll
0x00007ffd557f0000 - 0x00007ffd55857000 	C:\WINDOWS\System32\shlwapi.dll
0x00007ffd52580000 - 0x00007ffd525a9000 	C:\WINDOWS\SYSTEM32\profapi.dll
0x00007ffd2e770000 - 0x00007ffd2e78a000 	C:\Program Files\Eclipse Adoptium\jdk-17.0.17.10-hotspot\bin\net.dll
0x00007ffd486a0000 - 0x00007ffd487c7000 	C:\WINDOWS\SYSTEM32\WINHTTP.dll
0x00007ffd51910000 - 0x00007ffd5197b000 	C:\WINDOWS\system32\mswsock.dll
0x00007ffd2e750000 - 0x00007ffd2e766000 	C:\Program Files\Eclipse Adoptium\jdk-17.0.17.10-hotspot\bin\nio.dll
0x00007ffd2e730000 - 0x00007ffd2e748000 	C:\Program Files\Eclipse Adoptium\jdk-17.0.17.10-hotspot\bin\zip.dll
0x00007ffd145d0000 - 0x00007ffd145f4000 	C:\Program Files\JetBrains\IntelliJ IDEA 2025.2\plugins\maven\lib\maven3\lib\jansi-native\Windows\x86_64\jansi.dll
0x00007ffd2fad0000 - 0x00007ffd2fae0000 	C:\Program Files\Eclipse Adoptium\jdk-17.0.17.10-hotspot\bin\verify.dll

dbghelp: loaded successfully - version: 4.0.5 - missing functions: none
symbol engine: initialized successfully - sym options: 0x614 - pdb path: .;C:\Program Files\Eclipse Adoptium\jdk-17.0.17.10-hotspot\bin;C:\WINDOWS\SYSTEM32;C:\WINDOWS\WinSxS\amd64_microsoft.windows.common-controls_6595b64144ccf1df_6.0.26100.7824_none_3e0870b2e3345462;C:\Program Files\Eclipse Adoptium\jdk-17.0.17.10-hotspot\bin\server;C:\Program Files\JetBrains\IntelliJ IDEA 2025.2\plugins\maven\lib\maven3\lib\jansi-native\Windows\x86_64

VM Arguments:
jvm_args: -Dclassworlds.conf=C:\Program Files\JetBrains\IntelliJ IDEA 2025.2\plugins\maven\lib\maven3\bin\m2.conf -Dmaven.home=C:\Program Files\JetBrains\IntelliJ IDEA 2025.2\plugins\maven\lib\maven3 -Dlibrary.jansi.path=C:\Program Files\JetBrains\IntelliJ IDEA 2025.2\plugins\maven\lib\maven3\lib\jansi-native -Dmaven.multiModuleProjectDirectory=C:\Users\Welcome\IdeaProjects\ClassIQ\ClassIQ_codes 
java_command: org.codehaus.plexus.classworlds.launcher.Launcher -Didea.version=2025.2 -Dmaven.ext.class.path=C:\Program Files\JetBrains\IntelliJ IDEA 2025.2\plugins\maven\lib\maven-event-listener.jar -Djansi.passthrough=true -Dstyle.color=always org.openjfx:javafx-maven-plugin:0.0.8:run
java_class_path (initial): C:\Program Files\JetBrains\IntelliJ IDEA 2025.2\plugins\maven\lib\maven3\boot\plexus-classworlds-2.8.0.jar
Launcher Type: SUN_STANDARD

[Global flags]
     intx CICompilerCount                          = 4                                         {product} {ergonomic}
     uint ConcGCThreads                            = 2                                         {product} {ergonomic}
     uint G1ConcRefinementThreads                  = 8                                         {product} {ergonomic}
   size_t G1HeapRegionSize                         = 2097152                                   {product} {ergonomic}
    uintx GCDrainStackTargetSize                   = 64                                        {product} {ergonomic}
   size_t InitialHeapSize                          = 266338304                                 {product} {ergonomic}
   size_t MarkStackSize                            = 4194304                                   {product} {ergonomic}
   size_t MaxHeapSize                              = 4259315712                                {product} {ergonomic}
   size_t MaxNewSize                               = 2554331136                                {product} {ergonomic}
   size_t MinHeapDeltaBytes                        = 2097152                                   {product} {ergonomic}
   size_t MinHeapSize                              = 8388608                                   {product} {ergonomic}
    uintx NonNMethodCodeHeapSize                   = 5839372                                {pd product} {ergonomic}
    uintx NonProfiledCodeHeapSize                  = 122909434                              {pd product} {ergonomic}
    uintx ProfiledCodeHeapSize                     = 122909434                              {pd product} {ergonomic}
    uintx ReservedCodeCacheSize                    = 251658240                              {pd product} {ergonomic}
     bool SegmentedCodeCache                       = true                                      {product} {ergonomic}
   size_t SoftMaxHeapSize                          = 4259315712                             {manageable} {ergonomic}
     bool UseCompressedClassPointers               = true                           {product lp64_product} {ergonomic}
     bool UseCompressedOops                        = true                           {product lp64_product} {ergonomic}
     bool UseG1GC                                  = true                                      {product} {ergonomic}
     bool UseLargePagesIndividualAllocation        = false                                  {pd product} {ergonomic}

Logging:
Log output configuration:
 #0: stdout all=warning uptime,level,tags
 #1: stderr all=off uptime,level,tags

Environment Variables:
JAVA_HOME=C:\Program Files\Eclipse Adoptium\jdk-17.0.17.10-hotspot
PATH=C:\Program Files\Eclipse Adoptium\jdk-17.0.17.10-hotspot\bin;C:\Program Files\Eclipse Adoptium\jdk-8.0.462.8-hotspot\bin;C:\Program Files (x86)\Common Files\Oracle\Java\java8path;C:\Program Files (x86)\Common Files\Oracle\Java\javapath;C:\WINDOWS\system32;C:\WINDOWS;C:\WINDOWS\System32\Wbem;C:\WINDOWS\System32\WindowsPowerShell\v1.0\;C:\WINDOWS\System32\OpenSSH\;C:\Program Files\cursor\resources\app\bin;C:\Program Files\nodejs\;C:\Program Files\nodejs\;C:\Program Files\nodejs;C:\Program Files\Git\cmd;C:\Program Files\Docker\Docker\resources\bin;C:\Users\Welcome\AppData\Local\Programs\Python\Python312\Scripts\;C:\Users\Welcome\AppData\Local\Programs\Python\Python312\;C:\Users\Welcome\AppData\Local\Microsoft\WindowsApps;C:\Users\Welcome\AppData\Local\Programs\Microsoft VS Code\bin;C:\Users\Welcome\AppData\Roaming\npm;C:\Java\jdk-17.0.17\bin;
USERNAME=Welcome
OS=Windows_NT
PROCESSOR_IDENTIFIER=Intel64 Family 6 Model 142 Stepping 10, GenuineIntel
TMP=C:\Users\Welcome\AppData\Local\Temp
TEMP=C:\Users\Welcome\AppData\Local\Temp



Periodic native trim disabled


---------------  S Y S T E M  ---------------

OS:
 Windows 11 , 64 bit Build 26100 (10.0.26100.7705)
OS uptime: 2 days 21:00 hours
Hyper-V role detected

CPU: total 8 (initial active 8) (4 cores per cpu, 2 threads per core) family 6 model 142 stepping 10 microcode 0xf6, cx8, cmov, fxsr, ht, mmx, 3dnowpref, sse, sse2, sse3, ssse3, sse4.1, sse4.2, popcnt, lzcnt, tsc, tscinvbit, avx, avx2, aes, erms, clmul, bmi1, bmi2, adx, fma, vzeroupper, clflush, clflushopt, hv
Processor Information for all 8 processors :
  Max Mhz: 1800, Current Mhz: 1600, Mhz Limit: 1584

Memory: 4k page, system-wide physical 16242M (875M free)
TotalPageFile size 28900M (AvailPageFile size 3M)
current process WorkingSet (physical memory assigned to process): 120M, peak: 120M
current process commit charge ("private bytes"): 382M, peak: 382M

vm_info: OpenJDK 64-Bit Server VM (17.0.17+10) for windows-amd64 JRE (17.0.17+10), built on Oct 21 2025 23:25:32 by "admin" with unknown MS VC++:1942

END.
